22:16:54 INFO  : Registering command handlers for SDK TCF services
22:16:54 INFO  : Launching XSCT server: xsct.bat -interactive C:\Users\animesh21131\mabonSOC\debugfft\debugfft.sdk\temp_xsdb_launch_script.tcl
22:16:57 INFO  : XSCT server has started successfully.
22:16:57 INFO  : Successfully done setting XSCT server connection channel  
22:16:57 INFO  : Processing command line option -hwspec C:/Users/animesh21131/mabonSOC/debugfft/debugfft.sdk/design_1_wrapper.hdf.
22:16:57 INFO  : Successfully done setting SDK workspace  
22:17:52 ERROR : Failed to closesw "C:/Users/animesh21131/mabonSOC/debugfft/debugfft.sdk/fftip_bsp/system.mss"
Reason: Cannot close sw design 'C:/Users/animesh21131/mabonSOC/debugfft/debugfft.sdk/fftip_bsp/system.mss'.
Design is not opened in the current session.


22:18:38 INFO  : Inferring section assignments and sizes from elf file: C:\Users\animesh21131\mabonSOC\debugfft\debugfft.sdk\fftip\Debug\fftip.elf
22:18:50 INFO  : Successfully generated C:\Users\animesh21131\mabonSOC\debugfft\debugfft.sdk\fftip\src\lscript.ld.
22:18:50 INFO  : Applying linker script to all configurations of project fftip.
22:18:50 INFO  : Setting rebuild state to true for all configurations of project fftip.
22:55:08 INFO  : Connected to target on host '192.168.226.142' and port '52183'.
22:55:09 INFO  : Jtag cable 'Digilent Zed 210248A39844' is selected.
22:55:09 INFO  : 'jtag frequency' command is executed.
22:55:09 INFO  : Sourcing of 'C:/Users/animesh21131/mabonSOC/debugfft/debugfft.sdk/design_1_wrapper_hw_platform_0/ps7_init.tcl' is done.
22:55:10 INFO  : Context for 'APU' is selected.
22:55:10 INFO  : System reset is completed.
22:55:13 INFO  : 'after 3000' command is executed.
22:55:14 INFO  : 'targets -set -filter {jtag_cable_name =~ "Digilent Zed 210248A39844" && level==0} -index 1' command is executed.
22:55:17 INFO  : FPGA configured successfully with bitstream "C:/Users/animesh21131/mabonSOC/debugfft/debugfft.sdk/design_1_wrapper_hw_platform_0/design_1_wrapper.bit"
22:55:18 INFO  : Context for 'APU' is selected.
22:55:18 INFO  : Hardware design information is loaded from 'C:/Users/animesh21131/mabonSOC/debugfft/debugfft.sdk/design_1_wrapper_hw_platform_0/system.hdf'.
22:55:19 INFO  : 'configparams force-mem-access 1' command is executed.
22:55:19 INFO  : Context for 'APU' is selected.
22:55:20 INFO  : 'ps7_init' command is executed.
22:55:20 INFO  : 'ps7_post_config' command is executed.
22:55:20 INFO  : Context for processor 'ps7_cortexa9_0' is selected.
22:55:20 INFO  : The application 'C:/Users/animesh21131/mabonSOC/debugfft/debugfft.sdk/fftip/Debug/fftip.elf' is downloaded to processor 'ps7_cortexa9_0'.
22:55:20 INFO  : 'configparams force-mem-access 0' command is executed.
22:55:20 INFO  : ----------------XSDB Script----------------
connect -url tcp:192.168.226.142:52183
source C:/Users/animesh21131/mabonSOC/debugfft/debugfft.sdk/design_1_wrapper_hw_platform_0/ps7_init.tcl
targets -set -nocase -filter {name =~"APU*" && jtag_cable_name =~ "Digilent Zed 210248A39844"} -index 0
rst -system
after 3000
targets -set -filter {jtag_cable_name =~ "Digilent Zed 210248A39844" && level==0} -index 1
fpga -file C:/Users/animesh21131/mabonSOC/debugfft/debugfft.sdk/design_1_wrapper_hw_platform_0/design_1_wrapper.bit
targets -set -nocase -filter {name =~"APU*" && jtag_cable_name =~ "Digilent Zed 210248A39844"} -index 0
loadhw -hw C:/Users/animesh21131/mabonSOC/debugfft/debugfft.sdk/design_1_wrapper_hw_platform_0/system.hdf -mem-ranges [list {0x40000000 0xbfffffff}]
configparams force-mem-access 1
targets -set -nocase -filter {name =~"APU*" && jtag_cable_name =~ "Digilent Zed 210248A39844"} -index 0
ps7_init
ps7_post_config
targets -set -nocase -filter {name =~ "ARM*#0" && jtag_cable_name =~ "Digilent Zed 210248A39844"} -index 0
dow C:/Users/animesh21131/mabonSOC/debugfft/debugfft.sdk/fftip/Debug/fftip.elf
configparams force-mem-access 0
----------------End of Script----------------

22:55:20 INFO  : Memory regions updated for context APU
22:55:20 INFO  : Launch script is exported to file 'C:\Users\animesh21131\mabonSOC\debugfft\debugfft.sdk\.sdk\launch_scripts\xilinx_c-c++_application_(system_debugger)\system_debugger_using_debug_fftip.elf_on_shriganesh.tcl'
22:57:53 INFO  : Disconnected from the channel tcfchan#1.
22:57:54 INFO  : Connected to target on host '192.168.226.142' and port '52183'.
22:57:55 INFO  : Jtag cable 'Digilent Zed 210248A39844' is selected.
22:57:55 INFO  : 'jtag frequency' command is executed.
22:57:55 INFO  : Sourcing of 'C:/Users/animesh21131/mabonSOC/debugfft/debugfft.sdk/design_1_wrapper_hw_platform_0/ps7_init.tcl' is done.
22:57:56 INFO  : Context for 'APU' is selected.
22:57:56 INFO  : System reset is completed.
22:57:59 INFO  : 'after 3000' command is executed.
22:58:00 INFO  : 'targets -set -filter {jtag_cable_name =~ "Digilent Zed 210248A39844" && level==0} -index 1' command is executed.
22:58:02 INFO  : FPGA configured successfully with bitstream "C:/Users/animesh21131/mabonSOC/debugfft/debugfft.sdk/design_1_wrapper_hw_platform_0/design_1_wrapper.bit"
22:58:03 INFO  : Context for 'APU' is selected.
22:58:05 INFO  : Hardware design information is loaded from 'C:/Users/animesh21131/mabonSOC/debugfft/debugfft.sdk/design_1_wrapper_hw_platform_0/system.hdf'.
22:58:05 ERROR : (XSDB Server)Target doesn't support Jtag Uart
22:58:05 INFO  : 'configparams force-mem-access 1' command is executed.
22:58:05 ERROR : (XSDB Server)

22:58:06 INFO  : Context for 'APU' is selected.
22:58:06 INFO  : 'ps7_init' command is executed.
22:58:06 INFO  : 'ps7_post_config' command is executed.
22:58:07 INFO  : Context for processor 'ps7_cortexa9_0' is selected.
22:58:07 INFO  : The application 'C:/Users/animesh21131/mabonSOC/debugfft/debugfft.sdk/fftip/Debug/fftip.elf' is downloaded to processor 'ps7_cortexa9_0'.
22:58:07 INFO  : 'configparams force-mem-access 0' command is executed.
22:58:07 INFO  : ----------------XSDB Script----------------
connect -url tcp:192.168.226.142:52183
source C:/Users/animesh21131/mabonSOC/debugfft/debugfft.sdk/design_1_wrapper_hw_platform_0/ps7_init.tcl
targets -set -nocase -filter {name =~"APU*" && jtag_cable_name =~ "Digilent Zed 210248A39844"} -index 0
rst -system
after 3000
targets -set -filter {jtag_cable_name =~ "Digilent Zed 210248A39844" && level==0} -index 1
fpga -file C:/Users/animesh21131/mabonSOC/debugfft/debugfft.sdk/design_1_wrapper_hw_platform_0/design_1_wrapper.bit
targets -set -nocase -filter {name =~"APU*" && jtag_cable_name =~ "Digilent Zed 210248A39844"} -index 0
loadhw -hw C:/Users/animesh21131/mabonSOC/debugfft/debugfft.sdk/design_1_wrapper_hw_platform_0/system.hdf -mem-ranges [list {0x40000000 0xbfffffff}]
configparams force-mem-access 1
targets -set -nocase -filter {name =~"APU*" && jtag_cable_name =~ "Digilent Zed 210248A39844"} -index 0
ps7_init
ps7_post_config
targets -set -nocase -filter {name =~ "ARM*#0" && jtag_cable_name =~ "Digilent Zed 210248A39844"} -index 0
dow C:/Users/animesh21131/mabonSOC/debugfft/debugfft.sdk/fftip/Debug/fftip.elf
configparams force-mem-access 0
----------------End of Script----------------

22:58:07 INFO  : Memory regions updated for context APU
22:58:07 INFO  : Launch script is exported to file 'C:\Users\animesh21131\mabonSOC\debugfft\debugfft.sdk\.sdk\launch_scripts\xilinx_c-c++_application_(system_debugger)\system_debugger_using_debug_fftip.elf_on_shriganesh.tcl'
23:00:06 WARN  : channel "tcfchan#2" closed
23:02:05 INFO  : Connected to target on host '192.168.226.142' and port '54585'.
23:02:06 INFO  : Jtag cable 'Digilent Zed 210248A39C7D' is selected.
23:02:06 INFO  : 'jtag frequency' command is executed.
23:02:06 INFO  : Sourcing of 'C:/Users/animesh21131/mabonSOC/debugfft/debugfft.sdk/design_1_wrapper_hw_platform_0/ps7_init.tcl' is done.
23:02:07 INFO  : Context for 'APU' is selected.
23:02:07 INFO  : System reset is completed.
23:02:10 INFO  : 'after 3000' command is executed.
23:02:11 INFO  : 'targets -set -filter {jtag_cable_name =~ "Digilent Zed 210248A39C7D" && level==0} -index 1' command is executed.
23:02:13 INFO  : FPGA configured successfully with bitstream "C:/Users/animesh21131/mabonSOC/debugfft/debugfft.sdk/design_1_wrapper_hw_platform_0/design_1_wrapper.bit"
23:02:15 INFO  : Context for 'APU' is selected.
23:02:15 INFO  : Hardware design information is loaded from 'C:/Users/animesh21131/mabonSOC/debugfft/debugfft.sdk/design_1_wrapper_hw_platform_0/system.hdf'.
23:02:15 INFO  : 'configparams force-mem-access 1' command is executed.
23:02:17 INFO  : Context for 'APU' is selected.
23:02:17 INFO  : 'ps7_init' command is executed.
23:02:17 INFO  : 'ps7_post_config' command is executed.
23:02:18 INFO  : Context for processor 'ps7_cortexa9_0' is selected.
23:02:19 INFO  : The application 'C:/Users/animesh21131/mabonSOC/debugfft/debugfft.sdk/fftip/Debug/fftip.elf' is downloaded to processor 'ps7_cortexa9_0'.
23:02:19 INFO  : 'configparams force-mem-access 0' command is executed.
23:02:19 INFO  : ----------------XSDB Script----------------
connect -url tcp:192.168.226.142:54585
source C:/Users/animesh21131/mabonSOC/debugfft/debugfft.sdk/design_1_wrapper_hw_platform_0/ps7_init.tcl
targets -set -nocase -filter {name =~"APU*" && jtag_cable_name =~ "Digilent Zed 210248A39C7D"} -index 0
rst -system
after 3000
targets -set -filter {jtag_cable_name =~ "Digilent Zed 210248A39C7D" && level==0} -index 1
fpga -file C:/Users/animesh21131/mabonSOC/debugfft/debugfft.sdk/design_1_wrapper_hw_platform_0/design_1_wrapper.bit
targets -set -nocase -filter {name =~"APU*" && jtag_cable_name =~ "Digilent Zed 210248A39C7D"} -index 0
loadhw -hw C:/Users/animesh21131/mabonSOC/debugfft/debugfft.sdk/design_1_wrapper_hw_platform_0/system.hdf -mem-ranges [list {0x40000000 0xbfffffff}]
configparams force-mem-access 1
targets -set -nocase -filter {name =~"APU*" && jtag_cable_name =~ "Digilent Zed 210248A39C7D"} -index 0
ps7_init
ps7_post_config
targets -set -nocase -filter {name =~ "ARM*#0" && jtag_cable_name =~ "Digilent Zed 210248A39C7D"} -index 0
dow C:/Users/animesh21131/mabonSOC/debugfft/debugfft.sdk/fftip/Debug/fftip.elf
configparams force-mem-access 0
----------------End of Script----------------

23:02:19 INFO  : Memory regions updated for context APU
23:02:19 INFO  : Launch script is exported to file 'C:\Users\animesh21131\mabonSOC\debugfft\debugfft.sdk\.sdk\launch_scripts\xilinx_c-c++_application_(system_debugger)\system_debugger_using_debug_fftip.elf_on_shriganesh.tcl'
23:02:57 WARN  : channel "tcfchan#3" closed
23:03:14 ERROR : Failed to connect to hardware server on host '192.168.226.142' and port '54585'.
Reason: No connection could be made because the target machine actively refused it
23:03:14 INFO  : ----------------XSDB Script----------------
connect -url tcp:192.168.226.142:54585
----------------End of Script----------------

23:13:21 WARN  : Couldn't find target with name: SHRIGANESH
23:13:37 INFO  : Connected to target on host '192.168.226.142' and port '60919'.
23:13:38 INFO  : Jtag cable 'Digilent Zed 210248722679' is selected.
23:13:38 INFO  : 'jtag frequency' command is executed.
23:13:38 INFO  : Sourcing of 'C:/Users/animesh21131/mabonSOC/debugfft/debugfft.sdk/design_1_wrapper_hw_platform_0/ps7_init.tcl' is done.
23:13:40 INFO  : Context for 'APU' is selected.
23:13:40 INFO  : System reset is completed.
23:13:43 INFO  : 'after 3000' command is executed.
23:13:44 INFO  : 'targets -set -filter {jtag_cable_name =~ "Digilent Zed 210248722679" && level==0} -index 1' command is executed.
23:13:46 INFO  : FPGA configured successfully with bitstream "C:/Users/animesh21131/mabonSOC/debugfft/debugfft.sdk/design_1_wrapper_hw_platform_0/design_1_wrapper.bit"
23:13:47 INFO  : Context for 'APU' is selected.
23:13:47 INFO  : Hardware design information is loaded from 'C:/Users/animesh21131/mabonSOC/debugfft/debugfft.sdk/design_1_wrapper_hw_platform_0/system.hdf'.
23:13:47 INFO  : 'configparams force-mem-access 1' command is executed.
23:13:47 INFO  : Context for 'APU' is selected.
23:13:49 INFO  : 'ps7_init' command is executed.
23:13:49 INFO  : 'ps7_post_config' command is executed.
23:13:50 INFO  : Context for processor 'ps7_cortexa9_0' is selected.
23:13:50 INFO  : The application 'C:/Users/animesh21131/mabonSOC/debugfft/debugfft.sdk/fftip/Debug/fftip.elf' is downloaded to processor 'ps7_cortexa9_0'.
23:13:50 INFO  : 'configparams force-mem-access 0' command is executed.
23:13:50 INFO  : ----------------XSDB Script----------------
connect -url tcp:192.168.226.142:60919
source C:/Users/animesh21131/mabonSOC/debugfft/debugfft.sdk/design_1_wrapper_hw_platform_0/ps7_init.tcl
targets -set -nocase -filter {name =~"APU*" && jtag_cable_name =~ "Digilent Zed 210248722679"} -index 0
rst -system
after 3000
targets -set -filter {jtag_cable_name =~ "Digilent Zed 210248722679" && level==0} -index 1
fpga -file C:/Users/animesh21131/mabonSOC/debugfft/debugfft.sdk/design_1_wrapper_hw_platform_0/design_1_wrapper.bit
targets -set -nocase -filter {name =~"APU*" && jtag_cable_name =~ "Digilent Zed 210248722679"} -index 0
loadhw -hw C:/Users/animesh21131/mabonSOC/debugfft/debugfft.sdk/design_1_wrapper_hw_platform_0/system.hdf -mem-ranges [list {0x40000000 0xbfffffff}]
configparams force-mem-access 1
targets -set -nocase -filter {name =~"APU*" && jtag_cable_name =~ "Digilent Zed 210248722679"} -index 0
ps7_init
ps7_post_config
targets -set -nocase -filter {name =~ "ARM*#0" && jtag_cable_name =~ "Digilent Zed 210248722679"} -index 0
dow C:/Users/animesh21131/mabonSOC/debugfft/debugfft.sdk/fftip/Debug/fftip.elf
configparams force-mem-access 0
----------------End of Script----------------

23:13:50 INFO  : Memory regions updated for context APU
23:13:50 INFO  : Launch script is exported to file 'C:\Users\animesh21131\mabonSOC\debugfft\debugfft.sdk\.sdk\launch_scripts\xilinx_c-c++_application_(system_debugger)\system_debugger_using_debug_fftip.elf_on_dad.tcl'
23:32:07 INFO  : Disconnected from the channel tcfchan#4.
23:32:08 INFO  : Connected to target on host '192.168.226.142' and port '60919'.
23:32:08 INFO  : Jtag cable 'Digilent Zed 210248722679' is selected.
23:32:08 INFO  : 'jtag frequency' command is executed.
23:32:08 INFO  : Sourcing of 'C:/Users/animesh21131/mabonSOC/debugfft/debugfft.sdk/design_1_wrapper_hw_platform_0/ps7_init.tcl' is done.
23:32:09 INFO  : Context for 'APU' is selected.
23:32:09 INFO  : System reset is completed.
23:32:12 INFO  : 'after 3000' command is executed.
23:32:13 INFO  : 'targets -set -filter {jtag_cable_name =~ "Digilent Zed 210248722679" && level==0} -index 1' command is executed.
23:32:16 INFO  : FPGA configured successfully with bitstream "C:/Users/animesh21131/mabonSOC/debugfft/debugfft.sdk/design_1_wrapper_hw_platform_0/design_1_wrapper.bit"
23:32:17 INFO  : Context for 'APU' is selected.
23:32:19 INFO  : Hardware design information is loaded from 'C:/Users/animesh21131/mabonSOC/debugfft/debugfft.sdk/design_1_wrapper_hw_platform_0/system.hdf'.
23:32:19 INFO  : 'configparams force-mem-access 1' command is executed.
23:32:21 INFO  : Context for 'APU' is selected.
23:32:21 INFO  : 'ps7_init' command is executed.
23:32:21 INFO  : 'ps7_post_config' command is executed.
23:32:21 INFO  : Context for processor 'ps7_cortexa9_0' is selected.
23:32:21 INFO  : The application 'C:/Users/animesh21131/mabonSOC/debugfft/debugfft.sdk/fftip/Debug/fftip.elf' is downloaded to processor 'ps7_cortexa9_0'.
23:32:21 INFO  : 'configparams force-mem-access 0' command is executed.
23:32:21 INFO  : ----------------XSDB Script----------------
connect -url tcp:192.168.226.142:60919
source C:/Users/animesh21131/mabonSOC/debugfft/debugfft.sdk/design_1_wrapper_hw_platform_0/ps7_init.tcl
targets -set -nocase -filter {name =~"APU*" && jtag_cable_name =~ "Digilent Zed 210248722679"} -index 0
rst -system
after 3000
targets -set -filter {jtag_cable_name =~ "Digilent Zed 210248722679" && level==0} -index 1
fpga -file C:/Users/animesh21131/mabonSOC/debugfft/debugfft.sdk/design_1_wrapper_hw_platform_0/design_1_wrapper.bit
targets -set -nocase -filter {name =~"APU*" && jtag_cable_name =~ "Digilent Zed 210248722679"} -index 0
loadhw -hw C:/Users/animesh21131/mabonSOC/debugfft/debugfft.sdk/design_1_wrapper_hw_platform_0/system.hdf -mem-ranges [list {0x40000000 0xbfffffff}]
configparams force-mem-access 1
targets -set -nocase -filter {name =~"APU*" && jtag_cable_name =~ "Digilent Zed 210248722679"} -index 0
ps7_init
ps7_post_config
targets -set -nocase -filter {name =~ "ARM*#0" && jtag_cable_name =~ "Digilent Zed 210248722679"} -index 0
dow C:/Users/animesh21131/mabonSOC/debugfft/debugfft.sdk/fftip/Debug/fftip.elf
configparams force-mem-access 0
----------------End of Script----------------

23:32:21 INFO  : Memory regions updated for context APU
23:32:21 INFO  : Launch script is exported to file 'C:\Users\animesh21131\mabonSOC\debugfft\debugfft.sdk\.sdk\launch_scripts\xilinx_c-c++_application_(system_debugger)\system_debugger_using_debug_fftip.elf_on_dad.tcl'
23:36:01 INFO  : Disconnected from the channel tcfchan#5.
23:36:02 INFO  : Connected to target on host '192.168.226.142' and port '60919'.
23:36:02 INFO  : Jtag cable 'Digilent Zed 210248722679' is selected.
23:36:02 INFO  : 'jtag frequency' command is executed.
23:36:02 INFO  : Sourcing of 'C:/Users/animesh21131/mabonSOC/debugfft/debugfft.sdk/design_1_wrapper_hw_platform_0/ps7_init.tcl' is done.
23:36:03 INFO  : Context for 'APU' is selected.
23:36:04 INFO  : System reset is completed.
23:36:07 INFO  : 'after 3000' command is executed.
23:36:08 INFO  : 'targets -set -filter {jtag_cable_name =~ "Digilent Zed 210248722679" && level==0} -index 1' command is executed.
23:36:11 INFO  : FPGA configured successfully with bitstream "C:/Users/animesh21131/mabonSOC/debugfft/debugfft.sdk/design_1_wrapper_hw_platform_0/design_1_wrapper.bit"
23:36:12 INFO  : Context for 'APU' is selected.
23:36:13 INFO  : Hardware design information is loaded from 'C:/Users/animesh21131/mabonSOC/debugfft/debugfft.sdk/design_1_wrapper_hw_platform_0/system.hdf'.
23:36:13 INFO  : 'configparams force-mem-access 1' command is executed.
23:36:14 INFO  : Context for 'APU' is selected.
23:36:14 ERROR : (XSDB Server)Target doesn't support Jtag Uart

23:36:15 INFO  : 'ps7_init' command is executed.
23:36:15 INFO  : 'ps7_post_config' command is executed.
23:36:15 INFO  : Context for processor 'ps7_cortexa9_0' is selected.
23:36:15 INFO  : The application 'C:/Users/animesh21131/mabonSOC/debugfft/debugfft.sdk/fftip/Debug/fftip.elf' is downloaded to processor 'ps7_cortexa9_0'.
23:36:15 INFO  : 'configparams force-mem-access 0' command is executed.
23:36:15 INFO  : ----------------XSDB Script----------------
connect -url tcp:192.168.226.142:60919
source C:/Users/animesh21131/mabonSOC/debugfft/debugfft.sdk/design_1_wrapper_hw_platform_0/ps7_init.tcl
targets -set -nocase -filter {name =~"APU*" && jtag_cable_name =~ "Digilent Zed 210248722679"} -index 0
rst -system
after 3000
targets -set -filter {jtag_cable_name =~ "Digilent Zed 210248722679" && level==0} -index 1
fpga -file C:/Users/animesh21131/mabonSOC/debugfft/debugfft.sdk/design_1_wrapper_hw_platform_0/design_1_wrapper.bit
targets -set -nocase -filter {name =~"APU*" && jtag_cable_name =~ "Digilent Zed 210248722679"} -index 0
loadhw -hw C:/Users/animesh21131/mabonSOC/debugfft/debugfft.sdk/design_1_wrapper_hw_platform_0/system.hdf -mem-ranges [list {0x40000000 0xbfffffff}]
configparams force-mem-access 1
targets -set -nocase -filter {name =~"APU*" && jtag_cable_name =~ "Digilent Zed 210248722679"} -index 0
ps7_init
ps7_post_config
targets -set -nocase -filter {name =~ "ARM*#0" && jtag_cable_name =~ "Digilent Zed 210248722679"} -index 0
dow C:/Users/animesh21131/mabonSOC/debugfft/debugfft.sdk/fftip/Debug/fftip.elf
configparams force-mem-access 0
----------------End of Script----------------

23:36:15 INFO  : Memory regions updated for context APU
23:36:15 INFO  : Launch script is exported to file 'C:\Users\animesh21131\mabonSOC\debugfft\debugfft.sdk\.sdk\launch_scripts\xilinx_c-c++_application_(system_debugger)\system_debugger_using_debug_fftip.elf_on_dad.tcl'
23:37:32 INFO  : Disconnected from the channel tcfchan#6.
23:37:33 INFO  : Connected to target on host '192.168.226.142' and port '60919'.
23:37:33 INFO  : Jtag cable 'Digilent Zed 210248722679' is selected.
23:37:33 INFO  : 'jtag frequency' command is executed.
23:37:33 INFO  : Sourcing of 'C:/Users/animesh21131/mabonSOC/debugfft/debugfft.sdk/design_1_wrapper_hw_platform_0/ps7_init.tcl' is done.
23:37:34 INFO  : Context for 'APU' is selected.
23:37:35 INFO  : System reset is completed.
23:37:38 INFO  : 'after 3000' command is executed.
23:37:39 INFO  : 'targets -set -filter {jtag_cable_name =~ "Digilent Zed 210248722679" && level==0} -index 1' command is executed.
23:37:42 INFO  : FPGA configured successfully with bitstream "C:/Users/animesh21131/mabonSOC/debugfft/debugfft.sdk/design_1_wrapper_hw_platform_0/design_1_wrapper.bit"
23:37:43 INFO  : Context for 'APU' is selected.
23:37:45 INFO  : Hardware design information is loaded from 'C:/Users/animesh21131/mabonSOC/debugfft/debugfft.sdk/design_1_wrapper_hw_platform_0/system.hdf'.
23:37:45 INFO  : 'configparams force-mem-access 1' command is executed.
23:37:46 INFO  : Context for 'APU' is selected.
23:37:46 INFO  : 'ps7_init' command is executed.
23:37:46 INFO  : 'ps7_post_config' command is executed.
23:37:47 INFO  : Context for processor 'ps7_cortexa9_0' is selected.
23:37:47 INFO  : The application 'C:/Users/animesh21131/mabonSOC/debugfft/debugfft.sdk/fftip/Debug/fftip.elf' is downloaded to processor 'ps7_cortexa9_0'.
23:37:47 INFO  : 'configparams force-mem-access 0' command is executed.
23:37:47 INFO  : ----------------XSDB Script----------------
connect -url tcp:192.168.226.142:60919
source C:/Users/animesh21131/mabonSOC/debugfft/debugfft.sdk/design_1_wrapper_hw_platform_0/ps7_init.tcl
targets -set -nocase -filter {name =~"APU*" && jtag_cable_name =~ "Digilent Zed 210248722679"} -index 0
rst -system
after 3000
targets -set -filter {jtag_cable_name =~ "Digilent Zed 210248722679" && level==0} -index 1
fpga -file C:/Users/animesh21131/mabonSOC/debugfft/debugfft.sdk/design_1_wrapper_hw_platform_0/design_1_wrapper.bit
targets -set -nocase -filter {name =~"APU*" && jtag_cable_name =~ "Digilent Zed 210248722679"} -index 0
loadhw -hw C:/Users/animesh21131/mabonSOC/debugfft/debugfft.sdk/design_1_wrapper_hw_platform_0/system.hdf -mem-ranges [list {0x40000000 0xbfffffff}]
configparams force-mem-access 1
targets -set -nocase -filter {name =~"APU*" && jtag_cable_name =~ "Digilent Zed 210248722679"} -index 0
ps7_init
ps7_post_config
targets -set -nocase -filter {name =~ "ARM*#0" && jtag_cable_name =~ "Digilent Zed 210248722679"} -index 0
dow C:/Users/animesh21131/mabonSOC/debugfft/debugfft.sdk/fftip/Debug/fftip.elf
configparams force-mem-access 0
----------------End of Script----------------

23:37:47 INFO  : Memory regions updated for context APU
23:37:47 INFO  : Launch script is exported to file 'C:\Users\animesh21131\mabonSOC\debugfft\debugfft.sdk\.sdk\launch_scripts\xilinx_c-c++_application_(system_debugger)\system_debugger_using_debug_fftip.elf_on_dad.tcl'
23:59:07 WARN  : channel "tcfchan#7" closed
