09:43:56 INFO  : Registering command handlers for SDK TCF services
09:43:57 INFO  : Launching XSCT server: xsct.bat -interactive C:\Users\animesh21131\lab12\lab12.sdk\temp_xsdb_launch_script.tcl
09:44:02 INFO  : XSCT server has started successfully.
09:44:05 INFO  : Successfully done setting XSCT server connection channel  
09:44:05 INFO  : Successfully done setting SDK workspace  
09:44:05 INFO  : Processing command line option -hwspec C:/Users/animesh21131/lab12/lab12.sdk/design_1_wrapper.hdf.
10:54:32 INFO  : Refreshed build settings on project lab12fft
10:54:48 ERROR : Failed to regenerate sources for BSP project lab12fft_bsp
org.eclipse.core.internal.resources.ResourceException: Problems encountered while deleting resources.
	at org.eclipse.core.internal.resources.Resource.delete(Resource.java:795)
	at org.eclipse.core.internal.resources.Resource.delete(Resource.java:750)
	at com.xilinx.sdk.sw.ui.handlers.RegenBspSourcesHandler.internalGenerateBsp(RegenBspSourcesHandler.java:171)
	at com.xilinx.sdk.sw.ui.handlers.RegenBspSourcesHandler.access$2(RegenBspSourcesHandler.java:164)
	at com.xilinx.sdk.sw.ui.handlers.RegenBspSourcesHandler$1$1.run(RegenBspSourcesHandler.java:132)
	at org.eclipse.core.internal.resources.Workspace.run(Workspace.java:2240)
	at org.eclipse.core.internal.resources.Workspace.run(Workspace.java:2267)
	at com.xilinx.sdk.sw.ui.handlers.RegenBspSourcesHandler$1.run(RegenBspSourcesHandler.java:136)
	at org.eclipse.jface.operation.ModalContext$ModalContextThread.run(ModalContext.java:119)
Contains: Could not delete '/lab12fft_bsp/ps7_cortexa9_0'.
org.eclipse.core.internal.resources.ResourceException: Problems encountered while deleting resources.
	at org.eclipse.core.internal.localstore.FileSystemResourceManager.delete(FileSystemResourceManager.java:370)
	at org.eclipse.core.internal.resources.ResourceTree.internalDeleteFolder(ResourceTree.java:358)
	at org.eclipse.core.internal.resources.ResourceTree.standardDeleteFolder(ResourceTree.java:810)
	at org.eclipse.core.internal.resources.Resource.unprotectedDelete(Resource.java:1832)
	at org.eclipse.core.internal.resources.Resource.delete(Resource.java:782)
	at org.eclipse.core.internal.resources.Resource.delete(Resource.java:750)
	at com.xilinx.sdk.sw.ui.handlers.RegenBspSourcesHandler.internalGenerateBsp(RegenBspSourcesHandler.java:171)
	at com.xilinx.sdk.sw.ui.handlers.RegenBspSourcesHandler.access$2(RegenBspSourcesHandler.java:164)
	at com.xilinx.sdk.sw.ui.handlers.RegenBspSourcesHandler$1$1.run(RegenBspSourcesHandler.java:132)
	at org.eclipse.core.internal.resources.Workspace.run(Workspace.java:2240)
	at org.eclipse.core.internal.resources.Workspace.run(Workspace.java:2267)
	at com.xilinx.sdk.sw.ui.handlers.RegenBspSourcesHandler$1.run(RegenBspSourcesHandler.java:136)
	at org.eclipse.jface.operation.ModalContext$ModalContextThread.run(ModalContext.java:119)
Contains: Problems encountered while deleting files.
Contains: Could not delete: C:\Users\animesh21131\lab12\lab12.sdk\lab12fft_bsp\ps7_cortexa9_0\include\xreg_cortexa9.h.
java.nio.file.FileSystemException: C:\Users\animesh21131\lab12\lab12.sdk\lab12fft_bsp\ps7_cortexa9_0\include\xreg_cortexa9.h: The process cannot access the file because it is being used by another process.

	at sun.nio.fs.WindowsException.translateToIOException(WindowsException.java:86)
	at sun.nio.fs.WindowsException.rethrowAsIOException(WindowsException.java:97)
	at sun.nio.fs.WindowsException.rethrowAsIOException(WindowsException.java:102)
	at sun.nio.fs.WindowsFileSystemProvider.implDelete(WindowsFileSystemProvider.java:269)
	at sun.nio.fs.AbstractFileSystemProvider.deleteIfExists(AbstractFileSystemProvider.java:108)
	at java.nio.file.Files.deleteIfExists(Files.java:1165)
	at org.eclipse.core.internal.filesystem.local.LocalFile.internalDelete(LocalFile.java:218)
	at org.eclipse.core.internal.filesystem.local.LocalFile.internalDelete(LocalFile.java:238)
	at org.eclipse.core.internal.filesystem.local.LocalFile.internalDelete(LocalFile.java:238)
	at org.eclipse.core.internal.filesystem.local.LocalFile.delete(LocalFile.java:136)
	at org.eclipse.core.internal.localstore.DeleteVisitor.delete(DeleteVisitor.java:63)
	at org.eclipse.core.internal.localstore.DeleteVisitor.visit(DeleteVisitor.java:151)
	at org.eclipse.core.internal.localstore.UnifiedTree.accept(UnifiedTree.java:111)
	at org.eclipse.core.internal.localstore.FileSystemResourceManager.delete(FileSystemResourceManager.java:367)
	at org.eclipse.core.internal.resources.ResourceTree.internalDeleteFolder(ResourceTree.java:358)
	at org.eclipse.core.internal.resources.ResourceTree.standardDeleteFolder(ResourceTree.java:810)
	at org.eclipse.core.internal.resources.Resource.unprotectedDelete(Resource.java:1832)
	at org.eclipse.core.internal.resources.Resource.delete(Resource.java:782)
	at org.eclipse.core.internal.resources.Resource.delete(Resource.java:750)
	at com.xilinx.sdk.sw.ui.handlers.RegenBspSourcesHandler.internalGenerateBsp(RegenBspSourcesHandler.java:171)
	at com.xilinx.sdk.sw.ui.handlers.RegenBspSourcesHandler.access$2(RegenBspSourcesHandler.java:164)
	at com.xilinx.sdk.sw.ui.handlers.RegenBspSourcesHandler$1$1.run(RegenBspSourcesHandler.java:132)
	at org.eclipse.core.internal.resources.Workspace.run(Workspace.java:2240)
	at org.eclipse.core.internal.resources.Workspace.run(Workspace.java:2267)
	at com.xilinx.sdk.sw.ui.handlers.RegenBspSourcesHandler$1.run(RegenBspSourcesHandler.java:136)
	at org.eclipse.jface.operation.ModalContext$ModalContextThread.run(ModalContext.java:119)
Contains: Could not delete: C:\Users\animesh21131\lab12\lab12.sdk\lab12fft_bsp\ps7_cortexa9_0\include.
Contains: Could not delete: C:\Users\animesh21131\lab12\lab12.sdk\lab12fft_bsp\ps7_cortexa9_0.
10:55:30 INFO  : Refreshed build settings on project lab12fft
11:04:45 INFO  : Refreshed build settings on project lab12fft
11:07:43 INFO  : Connected through redirection to target on host '192.168.34.84' and port '52671'.
11:07:44 INFO  : Jtag cable 'Digilent Zed 210248A39C93' is selected.
11:07:44 INFO  : 'jtag frequency' command is executed.
11:07:44 INFO  : Sourcing of 'C:/Users/animesh21131/lab12/lab12.sdk/design_1_wrapper_hw_platform_0/ps7_init.tcl' is done.
11:07:44 INFO  : Context for 'APU' is selected.
11:07:45 INFO  : System reset is completed.
11:07:48 INFO  : 'after 3000' command is executed.
11:07:48 INFO  : 'targets -set -filter {jtag_cable_name =~ "Digilent Zed 210248A39C93" && level==0} -index 1' command is executed.
11:07:51 INFO  : FPGA configured successfully with bitstream "C:/Users/animesh21131/lab12/lab12.sdk/design_1_wrapper_hw_platform_0/design_1_wrapper.bit"
11:07:51 INFO  : Context for 'APU' is selected.
11:07:51 INFO  : Hardware design information is loaded from 'C:/Users/animesh21131/lab12/lab12.sdk/design_1_wrapper_hw_platform_0/system.hdf'.
11:07:51 INFO  : 'configparams force-mem-access 1' command is executed.
11:07:51 INFO  : Context for 'APU' is selected.
11:07:52 INFO  : 'ps7_init' command is executed.
11:07:52 INFO  : 'ps7_post_config' command is executed.
11:07:52 INFO  : Context for processor 'ps7_cortexa9_0' is selected.
11:07:53 INFO  : The application 'C:/Users/animesh21131/lab12/lab12.sdk/lab12fft/Debug/lab12fft.elf' is downloaded to processor 'ps7_cortexa9_0'.
11:07:53 INFO  : 'configparams force-mem-access 0' command is executed.
11:07:53 INFO  : ----------------XSDB Script----------------
connect -path [list tcp::1534 tcp:192.168.34.84:52671]
source C:/Users/animesh21131/lab12/lab12.sdk/design_1_wrapper_hw_platform_0/ps7_init.tcl
targets -set -nocase -filter {name =~"APU*" && jtag_cable_name =~ "Digilent Zed 210248A39C93"} -index 0
rst -system
after 3000
targets -set -filter {jtag_cable_name =~ "Digilent Zed 210248A39C93" && level==0} -index 1
fpga -file C:/Users/animesh21131/lab12/lab12.sdk/design_1_wrapper_hw_platform_0/design_1_wrapper.bit
targets -set -nocase -filter {name =~"APU*" && jtag_cable_name =~ "Digilent Zed 210248A39C93"} -index 0
loadhw -hw C:/Users/animesh21131/lab12/lab12.sdk/design_1_wrapper_hw_platform_0/system.hdf -mem-ranges [list {0x40000000 0xbfffffff}]
configparams force-mem-access 1
targets -set -nocase -filter {name =~"APU*" && jtag_cable_name =~ "Digilent Zed 210248A39C93"} -index 0
ps7_init
ps7_post_config
targets -set -nocase -filter {name =~ "ARM*#0" && jtag_cable_name =~ "Digilent Zed 210248A39C93"} -index 0
dow C:/Users/animesh21131/lab12/lab12.sdk/lab12fft/Debug/lab12fft.elf
configparams force-mem-access 0
----------------End of Script----------------

11:07:53 INFO  : Memory regions updated for context APU
11:07:53 INFO  : Context for processor 'ps7_cortexa9_0' is selected.
11:07:53 INFO  : 'con' command is executed.
11:07:53 INFO  : ----------------XSDB Script (After Launch)----------------
targets -set -nocase -filter {name =~ "ARM*#0" && jtag_cable_name =~ "Digilent Zed 210248A39C93"} -index 0
con
----------------End of Script----------------

11:07:53 INFO  : Launch script is exported to file 'C:\Users\animesh21131\lab12\lab12.sdk\.sdk\launch_scripts\xilinx_c-c++_application_(system_debugger)\system_debugger_using_debug_lab12fft.elf_on_dad.tcl'
11:09:45 INFO  : Disconnected from the channel tcfchan#1.
11:09:46 INFO  : Connected through redirection to target on host '192.168.34.84' and port '52671'.
11:09:47 INFO  : Jtag cable 'Digilent Zed 210248A39C93' is selected.
11:09:47 INFO  : 'jtag frequency' command is executed.
11:09:47 INFO  : Sourcing of 'C:/Users/animesh21131/lab12/lab12.sdk/design_1_wrapper_hw_platform_0/ps7_init.tcl' is done.
11:09:47 INFO  : Context for 'APU' is selected.
11:09:47 INFO  : System reset is completed.
11:09:50 INFO  : 'after 3000' command is executed.
11:09:50 INFO  : 'targets -set -filter {jtag_cable_name =~ "Digilent Zed 210248A39C93" && level==0} -index 1' command is executed.
11:09:52 INFO  : FPGA configured successfully with bitstream "C:/Users/animesh21131/lab12/lab12.sdk/design_1_wrapper_hw_platform_0/design_1_wrapper.bit"
11:09:52 INFO  : Context for 'APU' is selected.
11:09:55 INFO  : Hardware design information is loaded from 'C:/Users/animesh21131/lab12/lab12.sdk/design_1_wrapper_hw_platform_0/system.hdf'.
11:09:55 INFO  : 'configparams force-mem-access 1' command is executed.
11:09:56 INFO  : Context for 'APU' is selected.
11:09:56 INFO  : 'ps7_init' command is executed.
11:09:56 INFO  : 'ps7_post_config' command is executed.
11:09:57 INFO  : Context for processor 'ps7_cortexa9_0' is selected.
11:09:57 INFO  : The application 'C:/Users/animesh21131/lab12/lab12.sdk/lab12fft/Debug/lab12fft.elf' is downloaded to processor 'ps7_cortexa9_0'.
11:09:57 INFO  : 'configparams force-mem-access 0' command is executed.
11:09:57 INFO  : ----------------XSDB Script----------------
connect -path [list tcp::1534 tcp:192.168.34.84:52671]
source C:/Users/animesh21131/lab12/lab12.sdk/design_1_wrapper_hw_platform_0/ps7_init.tcl
targets -set -nocase -filter {name =~"APU*" && jtag_cable_name =~ "Digilent Zed 210248A39C93"} -index 0
rst -system
after 3000
targets -set -filter {jtag_cable_name =~ "Digilent Zed 210248A39C93" && level==0} -index 1
fpga -file C:/Users/animesh21131/lab12/lab12.sdk/design_1_wrapper_hw_platform_0/design_1_wrapper.bit
targets -set -nocase -filter {name =~"APU*" && jtag_cable_name =~ "Digilent Zed 210248A39C93"} -index 0
loadhw -hw C:/Users/animesh21131/lab12/lab12.sdk/design_1_wrapper_hw_platform_0/system.hdf -mem-ranges [list {0x40000000 0xbfffffff}]
configparams force-mem-access 1
targets -set -nocase -filter {name =~"APU*" && jtag_cable_name =~ "Digilent Zed 210248A39C93"} -index 0
ps7_init
ps7_post_config
targets -set -nocase -filter {name =~ "ARM*#0" && jtag_cable_name =~ "Digilent Zed 210248A39C93"} -index 0
dow C:/Users/animesh21131/lab12/lab12.sdk/lab12fft/Debug/lab12fft.elf
configparams force-mem-access 0
----------------End of Script----------------

11:09:57 INFO  : Memory regions updated for context APU
11:09:57 INFO  : Context for processor 'ps7_cortexa9_0' is selected.
11:09:57 INFO  : 'con' command is executed.
11:09:57 INFO  : ----------------XSDB Script (After Launch)----------------
targets -set -nocase -filter {name =~ "ARM*#0" && jtag_cable_name =~ "Digilent Zed 210248A39C93"} -index 0
con
----------------End of Script----------------

11:09:57 INFO  : Launch script is exported to file 'C:\Users\animesh21131\lab12\lab12.sdk\.sdk\launch_scripts\xilinx_c-c++_application_(system_debugger)\system_debugger_using_debug_lab12fft.elf_on_dad.tcl'
11:10:48 INFO  : Disconnected from the channel tcfchan#2.
11:10:49 INFO  : Connected through redirection to target on host '192.168.34.84' and port '52671'.
11:10:49 INFO  : Jtag cable 'Digilent Zed 210248A39C93' is selected.
11:10:49 INFO  : 'jtag frequency' command is executed.
11:10:49 INFO  : Sourcing of 'C:/Users/animesh21131/lab12/lab12.sdk/design_1_wrapper_hw_platform_0/ps7_init.tcl' is done.
11:10:49 INFO  : Context for 'APU' is selected.
11:10:49 INFO  : System reset is completed.
11:10:52 INFO  : 'after 3000' command is executed.
11:10:52 INFO  : 'targets -set -filter {jtag_cable_name =~ "Digilent Zed 210248A39C93" && level==0} -index 1' command is executed.
11:10:55 INFO  : FPGA configured successfully with bitstream "C:/Users/animesh21131/lab12/lab12.sdk/design_1_wrapper_hw_platform_0/design_1_wrapper.bit"
11:10:55 INFO  : Context for 'APU' is selected.
11:10:58 INFO  : Hardware design information is loaded from 'C:/Users/animesh21131/lab12/lab12.sdk/design_1_wrapper_hw_platform_0/system.hdf'.
11:10:58 INFO  : 'configparams force-mem-access 1' command is executed.
11:10:58 INFO  : Context for 'APU' is selected.
11:10:58 INFO  : 'ps7_init' command is executed.
11:10:59 INFO  : 'ps7_post_config' command is executed.
11:10:59 INFO  : Context for processor 'ps7_cortexa9_0' is selected.
11:10:59 INFO  : The application 'C:/Users/animesh21131/lab12/lab12.sdk/lab12fft/Debug/lab12fft.elf' is downloaded to processor 'ps7_cortexa9_0'.
11:10:59 INFO  : 'configparams force-mem-access 0' command is executed.
11:10:59 INFO  : ----------------XSDB Script----------------
connect -path [list tcp::1534 tcp:192.168.34.84:52671]
source C:/Users/animesh21131/lab12/lab12.sdk/design_1_wrapper_hw_platform_0/ps7_init.tcl
targets -set -nocase -filter {name =~"APU*" && jtag_cable_name =~ "Digilent Zed 210248A39C93"} -index 0
rst -system
after 3000
targets -set -filter {jtag_cable_name =~ "Digilent Zed 210248A39C93" && level==0} -index 1
fpga -file C:/Users/animesh21131/lab12/lab12.sdk/design_1_wrapper_hw_platform_0/design_1_wrapper.bit
targets -set -nocase -filter {name =~"APU*" && jtag_cable_name =~ "Digilent Zed 210248A39C93"} -index 0
loadhw -hw C:/Users/animesh21131/lab12/lab12.sdk/design_1_wrapper_hw_platform_0/system.hdf -mem-ranges [list {0x40000000 0xbfffffff}]
configparams force-mem-access 1
targets -set -nocase -filter {name =~"APU*" && jtag_cable_name =~ "Digilent Zed 210248A39C93"} -index 0
ps7_init
ps7_post_config
targets -set -nocase -filter {name =~ "ARM*#0" && jtag_cable_name =~ "Digilent Zed 210248A39C93"} -index 0
dow C:/Users/animesh21131/lab12/lab12.sdk/lab12fft/Debug/lab12fft.elf
configparams force-mem-access 0
----------------End of Script----------------

11:10:59 INFO  : Memory regions updated for context APU
11:10:59 INFO  : Context for processor 'ps7_cortexa9_0' is selected.
11:10:59 INFO  : 'con' command is executed.
11:10:59 INFO  : ----------------XSDB Script (After Launch)----------------
targets -set -nocase -filter {name =~ "ARM*#0" && jtag_cable_name =~ "Digilent Zed 210248A39C93"} -index 0
con
----------------End of Script----------------

11:10:59 INFO  : Launch script is exported to file 'C:\Users\animesh21131\lab12\lab12.sdk\.sdk\launch_scripts\xilinx_c-c++_application_(system_debugger)\system_debugger_using_debug_lab12fft.elf_on_dad.tcl'
11:15:47 INFO  : Inferring section assignments and sizes from elf file: C:\Users\animesh21131\lab12\lab12.sdk\lab12fft\Debug\lab12fft.elf
11:17:13 INFO  : Successfully generated C:\Users\animesh21131\lab12\lab12.sdk\lab12fft\src\lscript.ld.
11:17:13 INFO  : Applying linker script to all configurations of project lab12fft.
11:17:13 INFO  : Setting rebuild state to true for all configurations of project lab12fft.
11:17:19 INFO  : Disconnected from the channel tcfchan#3.
11:17:49 INFO  : Connected through redirection to target on host '192.168.34.84' and port '52671'.
11:17:50 INFO  : Jtag cable 'Digilent Zed 210248A39C93' is selected.
11:17:50 INFO  : 'jtag frequency' command is executed.
11:17:50 INFO  : Sourcing of 'C:/Users/animesh21131/lab12/lab12.sdk/design_1_wrapper_hw_platform_0/ps7_init.tcl' is done.
11:17:50 INFO  : Context for 'APU' is selected.
11:17:50 INFO  : System reset is completed.
11:17:53 INFO  : 'after 3000' command is executed.
11:17:53 INFO  : 'targets -set -filter {jtag_cable_name =~ "Digilent Zed 210248A39C93" && level==0} -index 1' command is executed.
11:17:56 INFO  : FPGA configured successfully with bitstream "C:/Users/animesh21131/lab12/lab12.sdk/design_1_wrapper_hw_platform_0/design_1_wrapper.bit"
11:17:56 INFO  : Context for 'APU' is selected.
11:17:56 INFO  : Hardware design information is loaded from 'C:/Users/animesh21131/lab12/lab12.sdk/design_1_wrapper_hw_platform_0/system.hdf'.
11:17:56 INFO  : 'configparams force-mem-access 1' command is executed.
11:17:56 INFO  : Context for 'APU' is selected.
11:17:57 INFO  : 'ps7_init' command is executed.
11:17:57 INFO  : 'ps7_post_config' command is executed.
11:17:57 INFO  : Context for processor 'ps7_cortexa9_0' is selected.
11:17:57 INFO  : The application 'C:/Users/animesh21131/lab12/lab12.sdk/lab12fft/Debug/lab12fft.elf' is downloaded to processor 'ps7_cortexa9_0'.
11:17:57 INFO  : 'configparams force-mem-access 0' command is executed.
11:17:57 INFO  : ----------------XSDB Script----------------
connect -path [list tcp::1534 tcp:192.168.34.84:52671]
source C:/Users/animesh21131/lab12/lab12.sdk/design_1_wrapper_hw_platform_0/ps7_init.tcl
targets -set -nocase -filter {name =~"APU*" && jtag_cable_name =~ "Digilent Zed 210248A39C93"} -index 0
rst -system
after 3000
targets -set -filter {jtag_cable_name =~ "Digilent Zed 210248A39C93" && level==0} -index 1
fpga -file C:/Users/animesh21131/lab12/lab12.sdk/design_1_wrapper_hw_platform_0/design_1_wrapper.bit
targets -set -nocase -filter {name =~"APU*" && jtag_cable_name =~ "Digilent Zed 210248A39C93"} -index 0
loadhw -hw C:/Users/animesh21131/lab12/lab12.sdk/design_1_wrapper_hw_platform_0/system.hdf -mem-ranges [list {0x40000000 0xbfffffff}]
configparams force-mem-access 1
targets -set -nocase -filter {name =~"APU*" && jtag_cable_name =~ "Digilent Zed 210248A39C93"} -index 0
ps7_init
ps7_post_config
targets -set -nocase -filter {name =~ "ARM*#0" && jtag_cable_name =~ "Digilent Zed 210248A39C93"} -index 0
dow C:/Users/animesh21131/lab12/lab12.sdk/lab12fft/Debug/lab12fft.elf
configparams force-mem-access 0
----------------End of Script----------------

11:17:57 INFO  : Memory regions updated for context APU
11:17:57 INFO  : Context for processor 'ps7_cortexa9_0' is selected.
11:17:57 INFO  : 'con' command is executed.
11:17:57 INFO  : ----------------XSDB Script (After Launch)----------------
targets -set -nocase -filter {name =~ "ARM*#0" && jtag_cable_name =~ "Digilent Zed 210248A39C93"} -index 0
con
----------------End of Script----------------

11:17:57 INFO  : Launch script is exported to file 'C:\Users\animesh21131\lab12\lab12.sdk\.sdk\launch_scripts\xilinx_c-c++_application_(system_debugger)\system_debugger_using_debug_lab12fft.elf_on_dad_(1).tcl'
11:19:44 INFO  : Disconnected from the channel tcfchan#4.
18:00:27 INFO  : Registering command handlers for SDK TCF services
18:00:28 INFO  : Launching XSCT server: xsct.bat -interactive C:\Users\animesh21131\lab12\lab12.sdk\temp_xsdb_launch_script.tcl
18:00:31 INFO  : XSCT server has started successfully.
18:00:33 INFO  : Successfully done setting XSCT server connection channel  
18:00:33 INFO  : Successfully done setting SDK workspace  
18:00:34 INFO  : Processing command line option -hwspec C:/Users/animesh21131/lab12/lab12.sdk/design_1_wrapper.hdf.
18:00:34 INFO  : Checking for hwspec changes in the project design_1_wrapper_hw_platform_0.
12:15:02 INFO  : Registering command handlers for SDK TCF services
12:15:03 INFO  : Launching XSCT server: xsct.bat -interactive C:\Users\animesh21131\lab12\lab12.sdk\temp_xsdb_launch_script.tcl
12:15:07 INFO  : XSCT server has started successfully.
12:15:10 INFO  : Successfully done setting XSCT server connection channel  
12:15:10 INFO  : Successfully done setting SDK workspace  
12:15:10 INFO  : Processing command line option -hwspec C:/Users/animesh21131/lab12/lab12.sdk/design_1_wrapper.hdf.
12:15:10 INFO  : Checking for hwspec changes in the project design_1_wrapper_hw_platform_0.
23:35:00 INFO  : Launching XSCT server: xsct.bat -interactive C:\Users\animesh21131\eldfftipbonus\eldfftipbonus.sdk\temp_xsdb_launch_script.tcl
23:35:03 INFO  : XSCT server has started successfully.
23:35:03 INFO  : Successfully done setting XSCT server connection channel  
23:35:12 INFO  : Successfully done setting SDK workspace  
23:35:15 INFO  : Registering command handlers for SDK TCF services
23:35:18 INFO  : Processing command line option -hwspec C:/Users/animesh21131/eldfftipbonus/eldfftipbonus.sdk/design_1_wrapper.hdf.
12:52:27 INFO  : Registering command handlers for SDK TCF services
12:52:27 INFO  : Launching XSCT server: xsct.bat -interactive C:\Users\animesh21131\eldfftipbonus\eldfftipbonus.sdk\temp_xsdb_launch_script.tcl
12:52:30 INFO  : XSCT server has started successfully.
12:52:31 INFO  : Successfully done setting XSCT server connection channel  
12:52:31 INFO  : Successfully done setting SDK workspace  
12:52:31 INFO  : Processing command line option -hwspec C:/Users/animesh21131/eldfftipbonus/eldfftipbonus.sdk/design_1_wrapper.hdf.
12:52:31 INFO  : Checking for hwspec changes in the project design_1_wrapper_hw_platform_1.
12:52:38 INFO  : SDK has detected change in the last modified timestamps for source hardware specification file Source:1671952776598,  Project:1670299978000
12:52:38 INFO  : The hardware specification for project 'design_1_wrapper_hw_platform_1' is different from C:/Users/animesh21131/eldfftipbonus/eldfftipbonus.sdk/design_1_wrapper.hdf.
12:52:38 INFO  : Copied contents of C:/Users/animesh21131/eldfftipbonus/eldfftipbonus.sdk/design_1_wrapper.hdf into \design_1_wrapper_hw_platform_1\system.hdf.
12:52:44 INFO  : Synchronizing projects in the workspace with the hardware platform specification changes.
12:52:44 INFO  : Clearing existing target manager status.
12:52:44 INFO  : Workspace synchronized with the new hardware specification file. Cleaning dependent projects...
12:52:44 WARN  : Linker script will not be updated automatically. Users need to update it manually.
12:56:17 INFO  : Connected through redirection to target on host '192.168.34.84' and port '56388'.
12:56:19 INFO  : Jtag cable 'Digilent Zed 210248A39C93' is selected.
12:56:19 INFO  : 'jtag frequency' command is executed.
12:56:19 INFO  : Sourcing of 'C:/Users/animesh21131/eldfftipbonus/eldfftipbonus.sdk/design_1_wrapper_hw_platform_0/ps7_init.tcl' is done.
12:56:19 INFO  : Context for 'APU' is selected.
12:56:19 INFO  : System reset is completed.
12:56:22 INFO  : 'after 3000' command is executed.
12:56:22 INFO  : 'targets -set -filter {jtag_cable_name =~ "Digilent Zed 210248A39C93" && level==0} -index 1' command is executed.
12:56:25 INFO  : FPGA configured successfully with bitstream "C:/Users/animesh21131/eldfftipbonus/eldfftipbonus.sdk/design_1_wrapper_hw_platform_0/design_1_wrapper.bit"
12:56:25 INFO  : Context for 'APU' is selected.
12:56:25 INFO  : Hardware design information is loaded from 'C:/Users/animesh21131/eldfftipbonus/eldfftipbonus.sdk/design_1_wrapper_hw_platform_0/system.hdf'.
12:56:25 INFO  : 'configparams force-mem-access 1' command is executed.
12:56:25 INFO  : Context for 'APU' is selected.
12:56:25 INFO  : 'ps7_init' command is executed.
12:56:25 INFO  : 'ps7_post_config' command is executed.
12:56:25 INFO  : Context for processor 'ps7_cortexa9_0' is selected.
12:56:25 INFO  : The application 'C:/Users/animesh21131/eldfftipbonus/eldfftipbonus.sdk/lab12fft/Debug/lab12fft.elf' is downloaded to processor 'ps7_cortexa9_0'.
12:56:25 INFO  : 'configparams force-mem-access 0' command is executed.
12:56:25 INFO  : ----------------XSDB Script----------------
connect -path [list tcp::1534 tcp:192.168.34.84:56388]
source C:/Users/animesh21131/eldfftipbonus/eldfftipbonus.sdk/design_1_wrapper_hw_platform_0/ps7_init.tcl
targets -set -nocase -filter {name =~"APU*" && jtag_cable_name =~ "Digilent Zed 210248A39C93"} -index 0
rst -system
after 3000
targets -set -filter {jtag_cable_name =~ "Digilent Zed 210248A39C93" && level==0} -index 1
fpga -file C:/Users/animesh21131/eldfftipbonus/eldfftipbonus.sdk/design_1_wrapper_hw_platform_0/design_1_wrapper.bit
targets -set -nocase -filter {name =~"APU*" && jtag_cable_name =~ "Digilent Zed 210248A39C93"} -index 0
loadhw -hw C:/Users/animesh21131/eldfftipbonus/eldfftipbonus.sdk/design_1_wrapper_hw_platform_0/system.hdf -mem-ranges [list {0x40000000 0xbfffffff}]
configparams force-mem-access 1
targets -set -nocase -filter {name =~"APU*" && jtag_cable_name =~ "Digilent Zed 210248A39C93"} -index 0
ps7_init
ps7_post_config
targets -set -nocase -filter {name =~ "ARM*#0" && jtag_cable_name =~ "Digilent Zed 210248A39C93"} -index 0
dow C:/Users/animesh21131/eldfftipbonus/eldfftipbonus.sdk/lab12fft/Debug/lab12fft.elf
configparams force-mem-access 0
----------------End of Script----------------

12:56:25 INFO  : Memory regions updated for context APU
12:56:26 INFO  : Context for processor 'ps7_cortexa9_0' is selected.
12:56:26 INFO  : 'con' command is executed.
12:56:26 INFO  : ----------------XSDB Script (After Launch)----------------
targets -set -nocase -filter {name =~ "ARM*#0" && jtag_cable_name =~ "Digilent Zed 210248A39C93"} -index 0
con
----------------End of Script----------------

12:56:26 INFO  : Launch script is exported to file 'C:\Users\animesh21131\eldfftipbonus\eldfftipbonus.sdk\.sdk\launch_scripts\xilinx_c-c++_application_(system_debugger)\system_debugger_using_debug_lab12fft.elf_on_dad.tcl'
13:00:05 INFO  : Disconnected from the channel tcfchan#1.
10:50:27 INFO  : Launching XSCT server: xsct.bat -interactive C:\Users\animesh21131\eldfftipbonus\eldfftipbonus.sdk\temp_xsdb_launch_script.tcl
10:50:28 INFO  : Registering command handlers for SDK TCF services
10:50:32 INFO  : XSCT server has started successfully.
10:50:38 INFO  : Successfully done setting XSCT server connection channel  
10:50:38 INFO  : Successfully done setting SDK workspace  
10:50:38 INFO  : Processing command line option -hwspec C:/Users/animesh21131/eldfftipbonus/eldfftipbonus.sdk/design_1_wrapper.hdf.
10:50:38 INFO  : Checking for hwspec changes in the project design_1_wrapper_hw_platform_1.
19:24:37 INFO  : Launching XSCT server: xsct.bat -interactive C:\Users\animesh21131\eldfftipbonus\eldfftipbonus.sdk\temp_xsdb_launch_script.tcl
19:24:37 INFO  : Registering command handlers for SDK TCF services
19:24:40 INFO  : XSCT server has started successfully.
19:24:43 INFO  : Successfully done setting XSCT server connection channel  
19:24:43 INFO  : Successfully done setting SDK workspace  
19:24:43 INFO  : Processing command line option -hwspec C:/Users/animesh21131/eldfftipbonus/eldfftipbonus.sdk/design_1_wrapper.hdf.
19:24:43 INFO  : Checking for hwspec changes in the project design_1_wrapper_hw_platform_1.
19:27:58 INFO  : Connected to target on host '192.168.226.142' and port '64075'.
19:27:59 INFO  : Jtag cable 'Digilent Zed 210248A39844' is selected.
19:27:59 INFO  : 'jtag frequency' command is executed.
19:27:59 INFO  : Sourcing of 'C:/Users/animesh21131/eldfftipbonus/eldfftipbonus.sdk/design_1_wrapper_hw_platform_0/ps7_init.tcl' is done.
19:27:59 INFO  : Context for 'APU' is selected.
19:27:59 INFO  : System reset is completed.
19:28:02 INFO  : 'after 3000' command is executed.
19:28:02 INFO  : 'targets -set -filter {jtag_cable_name =~ "Digilent Zed 210248A39844" && level==0} -index 1' command is executed.
19:28:05 INFO  : FPGA configured successfully with bitstream "C:/Users/animesh21131/eldfftipbonus/eldfftipbonus.sdk/design_1_wrapper_hw_platform_0/design_1_wrapper.bit"
19:28:05 INFO  : Context for 'APU' is selected.
19:28:05 INFO  : Hardware design information is loaded from 'C:/Users/animesh21131/eldfftipbonus/eldfftipbonus.sdk/design_1_wrapper_hw_platform_0/system.hdf'.
19:28:05 INFO  : 'configparams force-mem-access 1' command is executed.
19:28:05 INFO  : Context for 'APU' is selected.
19:28:05 INFO  : 'ps7_init' command is executed.
19:28:05 INFO  : 'ps7_post_config' command is executed.
19:28:05 INFO  : Context for processor 'ps7_cortexa9_0' is selected.
19:28:06 INFO  : The application 'C:/Users/animesh21131/eldfftipbonus/eldfftipbonus.sdk/lab12fft/Debug/lab12fft.elf' is downloaded to processor 'ps7_cortexa9_0'.
19:28:06 INFO  : 'configparams force-mem-access 0' command is executed.
19:28:06 INFO  : ----------------XSDB Script----------------
connect -url tcp:192.168.226.142:64075
source C:/Users/animesh21131/eldfftipbonus/eldfftipbonus.sdk/design_1_wrapper_hw_platform_0/ps7_init.tcl
targets -set -nocase -filter {name =~"APU*" && jtag_cable_name =~ "Digilent Zed 210248A39844"} -index 0
rst -system
after 3000
targets -set -filter {jtag_cable_name =~ "Digilent Zed 210248A39844" && level==0} -index 1
fpga -file C:/Users/animesh21131/eldfftipbonus/eldfftipbonus.sdk/design_1_wrapper_hw_platform_0/design_1_wrapper.bit
targets -set -nocase -filter {name =~"APU*" && jtag_cable_name =~ "Digilent Zed 210248A39844"} -index 0
loadhw -hw C:/Users/animesh21131/eldfftipbonus/eldfftipbonus.sdk/design_1_wrapper_hw_platform_0/system.hdf -mem-ranges [list {0x40000000 0xbfffffff}]
configparams force-mem-access 1
targets -set -nocase -filter {name =~"APU*" && jtag_cable_name =~ "Digilent Zed 210248A39844"} -index 0
ps7_init
ps7_post_config
targets -set -nocase -filter {name =~ "ARM*#0" && jtag_cable_name =~ "Digilent Zed 210248A39844"} -index 0
dow C:/Users/animesh21131/eldfftipbonus/eldfftipbonus.sdk/lab12fft/Debug/lab12fft.elf
configparams force-mem-access 0
----------------End of Script----------------

19:28:06 INFO  : Memory regions updated for context APU
19:28:06 INFO  : Context for processor 'ps7_cortexa9_0' is selected.
19:28:06 INFO  : 'con' command is executed.
19:28:06 INFO  : ----------------XSDB Script (After Launch)----------------
targets -set -nocase -filter {name =~ "ARM*#0" && jtag_cable_name =~ "Digilent Zed 210248A39844"} -index 0
con
----------------End of Script----------------

19:28:06 INFO  : Launch script is exported to file 'C:\Users\animesh21131\eldfftipbonus\eldfftipbonus.sdk\.sdk\launch_scripts\xilinx_c-c++_application_(system_debugger)\system_debugger_using_debug_lab12fft.elf_on_ganesha.tcl'
19:29:43 INFO  : Disconnected from the channel tcfchan#1.
19:29:45 INFO  : Connected to target on host '192.168.226.142' and port '64075'.
19:29:45 INFO  : Jtag cable 'Digilent Zed 210248A39844' is selected.
19:29:45 INFO  : 'jtag frequency' command is executed.
19:29:45 INFO  : Sourcing of 'C:/Users/animesh21131/eldfftipbonus/eldfftipbonus.sdk/design_1_wrapper_hw_platform_0/ps7_init.tcl' is done.
19:29:46 INFO  : Context for 'APU' is selected.
19:29:46 INFO  : System reset is completed.
19:29:49 INFO  : 'after 3000' command is executed.
19:29:49 INFO  : 'targets -set -filter {jtag_cable_name =~ "Digilent Zed 210248A39844" && level==0} -index 1' command is executed.
19:29:52 INFO  : FPGA configured successfully with bitstream "C:/Users/animesh21131/eldfftipbonus/eldfftipbonus.sdk/design_1_wrapper_hw_platform_0/design_1_wrapper.bit"
19:29:52 INFO  : Context for 'APU' is selected.
19:29:56 INFO  : Hardware design information is loaded from 'C:/Users/animesh21131/eldfftipbonus/eldfftipbonus.sdk/design_1_wrapper_hw_platform_0/system.hdf'.
19:29:56 INFO  : 'configparams force-mem-access 1' command is executed.
19:29:57 INFO  : Context for 'APU' is selected.
19:29:58 INFO  : 'ps7_init' command is executed.
19:29:58 INFO  : 'ps7_post_config' command is executed.
19:29:59 INFO  : Context for processor 'ps7_cortexa9_0' is selected.
19:29:59 INFO  : The application 'C:/Users/animesh21131/eldfftipbonus/eldfftipbonus.sdk/lab12fft/Debug/lab12fft.elf' is downloaded to processor 'ps7_cortexa9_0'.
19:29:59 INFO  : 'configparams force-mem-access 0' command is executed.
19:29:59 INFO  : ----------------XSDB Script----------------
connect -url tcp:192.168.226.142:64075
source C:/Users/animesh21131/eldfftipbonus/eldfftipbonus.sdk/design_1_wrapper_hw_platform_0/ps7_init.tcl
targets -set -nocase -filter {name =~"APU*" && jtag_cable_name =~ "Digilent Zed 210248A39844"} -index 0
rst -system
after 3000
targets -set -filter {jtag_cable_name =~ "Digilent Zed 210248A39844" && level==0} -index 1
fpga -file C:/Users/animesh21131/eldfftipbonus/eldfftipbonus.sdk/design_1_wrapper_hw_platform_0/design_1_wrapper.bit
targets -set -nocase -filter {name =~"APU*" && jtag_cable_name =~ "Digilent Zed 210248A39844"} -index 0
loadhw -hw C:/Users/animesh21131/eldfftipbonus/eldfftipbonus.sdk/design_1_wrapper_hw_platform_0/system.hdf -mem-ranges [list {0x40000000 0xbfffffff}]
configparams force-mem-access 1
targets -set -nocase -filter {name =~"APU*" && jtag_cable_name =~ "Digilent Zed 210248A39844"} -index 0
ps7_init
ps7_post_config
targets -set -nocase -filter {name =~ "ARM*#0" && jtag_cable_name =~ "Digilent Zed 210248A39844"} -index 0
dow C:/Users/animesh21131/eldfftipbonus/eldfftipbonus.sdk/lab12fft/Debug/lab12fft.elf
configparams force-mem-access 0
----------------End of Script----------------

19:29:59 INFO  : Memory regions updated for context APU
19:30:00 INFO  : Context for processor 'ps7_cortexa9_0' is selected.
19:30:00 INFO  : 'con' command is executed.
19:30:00 INFO  : ----------------XSDB Script (After Launch)----------------
targets -set -nocase -filter {name =~ "ARM*#0" && jtag_cable_name =~ "Digilent Zed 210248A39844"} -index 0
con
----------------End of Script----------------

19:30:00 INFO  : Launch script is exported to file 'C:\Users\animesh21131\eldfftipbonus\eldfftipbonus.sdk\.sdk\launch_scripts\xilinx_c-c++_application_(system_debugger)\system_debugger_using_debug_lab12fft.elf_on_ganesha.tcl'
19:30:36 INFO  : Disconnected from the channel tcfchan#2.
19:30:37 INFO  : Connected to target on host '192.168.226.142' and port '64075'.
19:30:37 INFO  : Jtag cable 'Digilent Zed 210248A39844' is selected.
19:30:37 INFO  : 'jtag frequency' command is executed.
19:30:37 INFO  : Sourcing of 'C:/Users/animesh21131/eldfftipbonus/eldfftipbonus.sdk/design_1_wrapper_hw_platform_0/ps7_init.tcl' is done.
19:30:38 INFO  : Context for 'APU' is selected.
19:30:39 INFO  : System reset is completed.
19:30:42 INFO  : 'after 3000' command is executed.
19:30:42 INFO  : 'targets -set -filter {jtag_cable_name =~ "Digilent Zed 210248A39844" && level==0} -index 1' command is executed.
19:30:45 INFO  : FPGA configured successfully with bitstream "C:/Users/animesh21131/eldfftipbonus/eldfftipbonus.sdk/design_1_wrapper_hw_platform_0/design_1_wrapper.bit"
19:30:46 INFO  : Context for 'APU' is selected.
19:30:46 INFO  : Hardware design information is loaded from 'C:/Users/animesh21131/eldfftipbonus/eldfftipbonus.sdk/design_1_wrapper_hw_platform_0/system.hdf'.
19:30:46 INFO  : 'configparams force-mem-access 1' command is executed.
19:30:47 INFO  : Context for 'APU' is selected.
19:30:48 INFO  : 'ps7_init' command is executed.
19:30:48 INFO  : 'ps7_post_config' command is executed.
19:30:49 INFO  : Context for processor 'ps7_cortexa9_0' is selected.
19:30:50 INFO  : The application 'C:/Users/animesh21131/eldfftipbonus/eldfftipbonus.sdk/lab12fft/Debug/lab12fft.elf' is downloaded to processor 'ps7_cortexa9_0'.
19:30:50 INFO  : 'configparams force-mem-access 0' command is executed.
19:30:50 INFO  : ----------------XSDB Script----------------
connect -url tcp:192.168.226.142:64075
source C:/Users/animesh21131/eldfftipbonus/eldfftipbonus.sdk/design_1_wrapper_hw_platform_0/ps7_init.tcl
targets -set -nocase -filter {name =~"APU*" && jtag_cable_name =~ "Digilent Zed 210248A39844"} -index 0
rst -system
after 3000
targets -set -filter {jtag_cable_name =~ "Digilent Zed 210248A39844" && level==0} -index 1
fpga -file C:/Users/animesh21131/eldfftipbonus/eldfftipbonus.sdk/design_1_wrapper_hw_platform_0/design_1_wrapper.bit
targets -set -nocase -filter {name =~"APU*" && jtag_cable_name =~ "Digilent Zed 210248A39844"} -index 0
loadhw -hw C:/Users/animesh21131/eldfftipbonus/eldfftipbonus.sdk/design_1_wrapper_hw_platform_0/system.hdf -mem-ranges [list {0x40000000 0xbfffffff}]
configparams force-mem-access 1
targets -set -nocase -filter {name =~"APU*" && jtag_cable_name =~ "Digilent Zed 210248A39844"} -index 0
ps7_init
ps7_post_config
targets -set -nocase -filter {name =~ "ARM*#0" && jtag_cable_name =~ "Digilent Zed 210248A39844"} -index 0
dow C:/Users/animesh21131/eldfftipbonus/eldfftipbonus.sdk/lab12fft/Debug/lab12fft.elf
configparams force-mem-access 0
----------------End of Script----------------

19:30:50 INFO  : Memory regions updated for context APU
19:30:51 INFO  : Context for processor 'ps7_cortexa9_0' is selected.
19:30:51 INFO  : 'con' command is executed.
19:30:51 INFO  : ----------------XSDB Script (After Launch)----------------
targets -set -nocase -filter {name =~ "ARM*#0" && jtag_cable_name =~ "Digilent Zed 210248A39844"} -index 0
con
----------------End of Script----------------

19:30:51 INFO  : Launch script is exported to file 'C:\Users\animesh21131\eldfftipbonus\eldfftipbonus.sdk\.sdk\launch_scripts\xilinx_c-c++_application_(system_debugger)\system_debugger_using_debug_lab12fft.elf_on_ganesha.tcl'
19:32:13 WARN  : channel "tcfchan#3" closed
19:32:16 ERROR : Failed to connect to hardware server on host '192.168.226.142' and port '64075'.
Reason: No connection could be made because the target machine actively refused it
19:32:16 INFO  : ----------------XSDB Script----------------
connect -url tcp:192.168.226.142:64075
----------------End of Script----------------

19:34:45 INFO  : Connected to target on host '192.168.226.142' and port '53655'.
19:34:46 INFO  : Jtag cable 'Digilent Zed 210248A39844' is selected.
19:34:46 INFO  : 'jtag frequency' command is executed.
19:34:46 INFO  : Sourcing of 'C:/Users/animesh21131/eldfftipbonus/eldfftipbonus.sdk/design_1_wrapper_hw_platform_0/ps7_init.tcl' is done.
19:34:47 INFO  : Context for 'APU' is selected.
19:34:47 INFO  : System reset is completed.
19:34:50 INFO  : 'after 3000' command is executed.
19:34:51 INFO  : 'targets -set -filter {jtag_cable_name =~ "Digilent Zed 210248A39844" && level==0} -index 1' command is executed.
19:34:53 INFO  : FPGA configured successfully with bitstream "C:/Users/animesh21131/eldfftipbonus/eldfftipbonus.sdk/design_1_wrapper_hw_platform_0/design_1_wrapper.bit"
19:34:54 INFO  : Context for 'APU' is selected.
19:34:54 INFO  : Hardware design information is loaded from 'C:/Users/animesh21131/eldfftipbonus/eldfftipbonus.sdk/design_1_wrapper_hw_platform_0/system.hdf'.
19:34:54 INFO  : 'configparams force-mem-access 1' command is executed.
19:34:55 INFO  : Context for 'APU' is selected.
19:34:56 INFO  : 'ps7_init' command is executed.
19:34:56 INFO  : 'ps7_post_config' command is executed.
19:34:57 INFO  : Context for processor 'ps7_cortexa9_0' is selected.
19:34:57 INFO  : The application 'C:/Users/animesh21131/eldfftipbonus/eldfftipbonus.sdk/lab12fft/Debug/lab12fft.elf' is downloaded to processor 'ps7_cortexa9_0'.
19:34:57 INFO  : 'configparams force-mem-access 0' command is executed.
19:34:57 INFO  : ----------------XSDB Script----------------
connect -url tcp:192.168.226.142:53655
source C:/Users/animesh21131/eldfftipbonus/eldfftipbonus.sdk/design_1_wrapper_hw_platform_0/ps7_init.tcl
targets -set -nocase -filter {name =~"APU*" && jtag_cable_name =~ "Digilent Zed 210248A39844"} -index 0
rst -system
after 3000
targets -set -filter {jtag_cable_name =~ "Digilent Zed 210248A39844" && level==0} -index 1
fpga -file C:/Users/animesh21131/eldfftipbonus/eldfftipbonus.sdk/design_1_wrapper_hw_platform_0/design_1_wrapper.bit
targets -set -nocase -filter {name =~"APU*" && jtag_cable_name =~ "Digilent Zed 210248A39844"} -index 0
loadhw -hw C:/Users/animesh21131/eldfftipbonus/eldfftipbonus.sdk/design_1_wrapper_hw_platform_0/system.hdf -mem-ranges [list {0x40000000 0xbfffffff}]
configparams force-mem-access 1
targets -set -nocase -filter {name =~"APU*" && jtag_cable_name =~ "Digilent Zed 210248A39844"} -index 0
ps7_init
ps7_post_config
targets -set -nocase -filter {name =~ "ARM*#0" && jtag_cable_name =~ "Digilent Zed 210248A39844"} -index 0
dow C:/Users/animesh21131/eldfftipbonus/eldfftipbonus.sdk/lab12fft/Debug/lab12fft.elf
configparams force-mem-access 0
----------------End of Script----------------

19:34:57 INFO  : Memory regions updated for context APU
19:34:58 INFO  : Context for processor 'ps7_cortexa9_0' is selected.
19:34:58 INFO  : 'con' command is executed.
19:34:58 INFO  : ----------------XSDB Script (After Launch)----------------
targets -set -nocase -filter {name =~ "ARM*#0" && jtag_cable_name =~ "Digilent Zed 210248A39844"} -index 0
con
----------------End of Script----------------

19:34:58 INFO  : Launch script is exported to file 'C:\Users\animesh21131\eldfftipbonus\eldfftipbonus.sdk\.sdk\launch_scripts\xilinx_c-c++_application_(system_debugger)\system_debugger_using_debug_lab12fft.elf_on_ganesha.tcl'
19:37:28 INFO  : Disconnected from the channel tcfchan#4.
19:37:29 INFO  : Connected to target on host '192.168.226.142' and port '53655'.
19:37:30 INFO  : Jtag cable 'Digilent Zed 210248A39844' is selected.
19:37:30 INFO  : 'jtag frequency' command is executed.
19:37:30 INFO  : Sourcing of 'C:/Users/animesh21131/eldfftipbonus/eldfftipbonus.sdk/design_1_wrapper_hw_platform_0/ps7_init.tcl' is done.
19:37:30 INFO  : Context for 'APU' is selected.
19:37:30 INFO  : System reset is completed.
19:37:33 INFO  : 'after 3000' command is executed.
19:37:33 INFO  : 'targets -set -filter {jtag_cable_name =~ "Digilent Zed 210248A39844" && level==0} -index 1' command is executed.
19:37:35 INFO  : FPGA configured successfully with bitstream "C:/Users/animesh21131/eldfftipbonus/eldfftipbonus.sdk/design_1_wrapper_hw_platform_0/design_1_wrapper.bit"
19:37:37 INFO  : Context for 'APU' is selected.
19:37:37 INFO  : Hardware design information is loaded from 'C:/Users/animesh21131/eldfftipbonus/eldfftipbonus.sdk/design_1_wrapper_hw_platform_0/system.hdf'.
19:37:37 INFO  : 'configparams force-mem-access 1' command is executed.
19:37:37 INFO  : Context for 'APU' is selected.
19:37:38 INFO  : 'ps7_init' command is executed.
19:37:38 INFO  : 'ps7_post_config' command is executed.
19:37:39 INFO  : Context for processor 'ps7_cortexa9_0' is selected.
19:37:39 INFO  : The application 'C:/Users/animesh21131/eldfftipbonus/eldfftipbonus.sdk/lab12fft/Debug/lab12fft.elf' is downloaded to processor 'ps7_cortexa9_0'.
19:37:39 INFO  : 'configparams force-mem-access 0' command is executed.
19:37:39 INFO  : ----------------XSDB Script----------------
connect -url tcp:192.168.226.142:53655
source C:/Users/animesh21131/eldfftipbonus/eldfftipbonus.sdk/design_1_wrapper_hw_platform_0/ps7_init.tcl
targets -set -nocase -filter {name =~"APU*" && jtag_cable_name =~ "Digilent Zed 210248A39844"} -index 0
rst -system
after 3000
targets -set -filter {jtag_cable_name =~ "Digilent Zed 210248A39844" && level==0} -index 1
fpga -file C:/Users/animesh21131/eldfftipbonus/eldfftipbonus.sdk/design_1_wrapper_hw_platform_0/design_1_wrapper.bit
targets -set -nocase -filter {name =~"APU*" && jtag_cable_name =~ "Digilent Zed 210248A39844"} -index 0
loadhw -hw C:/Users/animesh21131/eldfftipbonus/eldfftipbonus.sdk/design_1_wrapper_hw_platform_0/system.hdf -mem-ranges [list {0x40000000 0xbfffffff}]
configparams force-mem-access 1
targets -set -nocase -filter {name =~"APU*" && jtag_cable_name =~ "Digilent Zed 210248A39844"} -index 0
ps7_init
ps7_post_config
targets -set -nocase -filter {name =~ "ARM*#0" && jtag_cable_name =~ "Digilent Zed 210248A39844"} -index 0
dow C:/Users/animesh21131/eldfftipbonus/eldfftipbonus.sdk/lab12fft/Debug/lab12fft.elf
configparams force-mem-access 0
----------------End of Script----------------

19:37:40 INFO  : Memory regions updated for context APU
19:37:40 INFO  : Context for processor 'ps7_cortexa9_0' is selected.
19:37:40 INFO  : 'con' command is executed.
19:37:40 INFO  : ----------------XSDB Script (After Launch)----------------
targets -set -nocase -filter {name =~ "ARM*#0" && jtag_cable_name =~ "Digilent Zed 210248A39844"} -index 0
con
----------------End of Script----------------

19:37:40 INFO  : Launch script is exported to file 'C:\Users\animesh21131\eldfftipbonus\eldfftipbonus.sdk\.sdk\launch_scripts\xilinx_c-c++_application_(system_debugger)\system_debugger_using_debug_lab12fft.elf_on_ganesha.tcl'
19:40:09 INFO  : Disconnected from the channel tcfchan#5.
19:41:04 INFO  : Connected to target on host '192.168.226.142' and port '53655'.
19:41:06 INFO  : Jtag cable 'Digilent Zed 210248A39844' is selected.
19:41:06 INFO  : 'jtag frequency' command is executed.
19:41:06 INFO  : Sourcing of 'C:/Users/animesh21131/eldfftipbonus/eldfftipbonus.sdk/design_1_wrapper_hw_platform_0/ps7_init.tcl' is done.
19:41:07 INFO  : Context for 'APU' is selected.
19:41:07 INFO  : System reset is completed.
19:41:10 INFO  : 'after 3000' command is executed.
19:41:11 INFO  : 'targets -set -filter {jtag_cable_name =~ "Digilent Zed 210248A39844" && level==0} -index 1' command is executed.
19:41:14 INFO  : FPGA configured successfully with bitstream "C:/Users/animesh21131/eldfftipbonus/eldfftipbonus.sdk/design_1_wrapper_hw_platform_0/design_1_wrapper.bit"
19:41:15 INFO  : Context for 'APU' is selected.
19:41:15 INFO  : Hardware design information is loaded from 'C:/Users/animesh21131/eldfftipbonus/eldfftipbonus.sdk/design_1_wrapper_hw_platform_0/system.hdf'.
19:41:15 INFO  : 'configparams force-mem-access 1' command is executed.
19:41:15 INFO  : Context for 'APU' is selected.
19:41:16 INFO  : 'ps7_init' command is executed.
19:41:16 INFO  : 'ps7_post_config' command is executed.
19:41:16 INFO  : Context for processor 'ps7_cortexa9_0' is selected.
19:41:16 INFO  : The application 'C:/Users/animesh21131/eldfftipbonus/eldfftipbonus.sdk/lab12fft/Debug/lab12fft.elf' is downloaded to processor 'ps7_cortexa9_0'.
19:41:16 INFO  : 'configparams force-mem-access 0' command is executed.
19:41:16 INFO  : ----------------XSDB Script----------------
connect -url tcp:192.168.226.142:53655
source C:/Users/animesh21131/eldfftipbonus/eldfftipbonus.sdk/design_1_wrapper_hw_platform_0/ps7_init.tcl
targets -set -nocase -filter {name =~"APU*" && jtag_cable_name =~ "Digilent Zed 210248A39844"} -index 0
rst -system
after 3000
targets -set -filter {jtag_cable_name =~ "Digilent Zed 210248A39844" && level==0} -index 1
fpga -file C:/Users/animesh21131/eldfftipbonus/eldfftipbonus.sdk/design_1_wrapper_hw_platform_0/design_1_wrapper.bit
targets -set -nocase -filter {name =~"APU*" && jtag_cable_name =~ "Digilent Zed 210248A39844"} -index 0
loadhw -hw C:/Users/animesh21131/eldfftipbonus/eldfftipbonus.sdk/design_1_wrapper_hw_platform_0/system.hdf -mem-ranges [list {0x40000000 0xbfffffff}]
configparams force-mem-access 1
targets -set -nocase -filter {name =~"APU*" && jtag_cable_name =~ "Digilent Zed 210248A39844"} -index 0
ps7_init
ps7_post_config
targets -set -nocase -filter {name =~ "ARM*#0" && jtag_cable_name =~ "Digilent Zed 210248A39844"} -index 0
dow C:/Users/animesh21131/eldfftipbonus/eldfftipbonus.sdk/lab12fft/Debug/lab12fft.elf
configparams force-mem-access 0
----------------End of Script----------------

19:41:16 INFO  : Memory regions updated for context APU
19:41:16 INFO  : Context for processor 'ps7_cortexa9_0' is selected.
19:41:16 INFO  : 'con' command is executed.
19:41:16 INFO  : ----------------XSDB Script (After Launch)----------------
targets -set -nocase -filter {name =~ "ARM*#0" && jtag_cable_name =~ "Digilent Zed 210248A39844"} -index 0
con
----------------End of Script----------------

19:41:16 INFO  : Launch script is exported to file 'C:\Users\animesh21131\eldfftipbonus\eldfftipbonus.sdk\.sdk\launch_scripts\xilinx_c-c++_application_(system_debugger)\system_debugger_using_debug_lab12fft.elf_on_ganesha.tcl'
19:42:46 INFO  : Connected to target on host '192.168.226.142' and port '53655'.
19:42:46 INFO  : Jtag cable 'Digilent Zed 210248A39844' is selected.
19:42:46 INFO  : 'jtag frequency' command is executed.
19:42:46 INFO  : Sourcing of 'C:/Users/animesh21131/eldfftipbonus/eldfftipbonus.sdk/design_1_wrapper_hw_platform_0/ps7_init.tcl' is done.
19:42:46 INFO  : Context for 'APU' is selected.
19:42:46 INFO  : System reset is completed.
19:42:49 INFO  : 'after 3000' command is executed.
19:42:49 INFO  : 'targets -set -filter {jtag_cable_name =~ "Digilent Zed 210248A39844" && level==0} -index 1' command is executed.
19:42:52 INFO  : FPGA configured successfully with bitstream "C:/Users/animesh21131/eldfftipbonus/eldfftipbonus.sdk/design_1_wrapper_hw_platform_0/design_1_wrapper.bit"
19:42:52 INFO  : Context for 'APU' is selected.
19:42:52 INFO  : Hardware design information is loaded from 'C:/Users/animesh21131/eldfftipbonus/eldfftipbonus.sdk/design_1_wrapper_hw_platform_0/system.hdf'.
19:42:52 INFO  : 'configparams force-mem-access 1' command is executed.
19:42:52 INFO  : Context for 'APU' is selected.
19:42:53 INFO  : 'ps7_init' command is executed.
19:42:53 INFO  : 'ps7_post_config' command is executed.
19:42:53 INFO  : Context for processor 'ps7_cortexa9_0' is selected.
19:42:53 INFO  : The application 'C:/Users/animesh21131/eldfftipbonus/eldfftipbonus.sdk/lab12fft/Debug/lab12fft.elf' is downloaded to processor 'ps7_cortexa9_0'.
19:42:53 INFO  : 'configparams force-mem-access 0' command is executed.
19:42:53 INFO  : ----------------XSDB Script----------------
connect -url tcp:192.168.226.142:53655
source C:/Users/animesh21131/eldfftipbonus/eldfftipbonus.sdk/design_1_wrapper_hw_platform_0/ps7_init.tcl
targets -set -nocase -filter {name =~"APU*" && jtag_cable_name =~ "Digilent Zed 210248A39844"} -index 0
rst -system
after 3000
targets -set -filter {jtag_cable_name =~ "Digilent Zed 210248A39844" && level==0} -index 1
fpga -file C:/Users/animesh21131/eldfftipbonus/eldfftipbonus.sdk/design_1_wrapper_hw_platform_0/design_1_wrapper.bit
targets -set -nocase -filter {name =~"APU*" && jtag_cable_name =~ "Digilent Zed 210248A39844"} -index 0
loadhw -hw C:/Users/animesh21131/eldfftipbonus/eldfftipbonus.sdk/design_1_wrapper_hw_platform_0/system.hdf -mem-ranges [list {0x40000000 0xbfffffff}]
configparams force-mem-access 1
targets -set -nocase -filter {name =~"APU*" && jtag_cable_name =~ "Digilent Zed 210248A39844"} -index 0
ps7_init
ps7_post_config
targets -set -nocase -filter {name =~ "ARM*#0" && jtag_cable_name =~ "Digilent Zed 210248A39844"} -index 0
dow C:/Users/animesh21131/eldfftipbonus/eldfftipbonus.sdk/lab12fft/Debug/lab12fft.elf
configparams force-mem-access 0
----------------End of Script----------------

19:42:53 INFO  : Memory regions updated for context APU
19:42:53 INFO  : Context for processor 'ps7_cortexa9_0' is selected.
19:42:53 INFO  : 'con' command is executed.
19:42:53 INFO  : ----------------XSDB Script (After Launch)----------------
targets -set -nocase -filter {name =~ "ARM*#0" && jtag_cable_name =~ "Digilent Zed 210248A39844"} -index 0
con
----------------End of Script----------------

19:42:53 INFO  : Launch script is exported to file 'C:\Users\animesh21131\eldfftipbonus\eldfftipbonus.sdk\.sdk\launch_scripts\xilinx_c-c++_application_(system_debugger)\system_debugger_using_debug_lab12fft.elf_on_ganesha.tcl'
19:46:13 INFO  : Connected to target on host '192.168.226.142' and port '53655'.
19:46:13 INFO  : Jtag cable 'Digilent Zed 210248A39844' is selected.
19:46:13 INFO  : 'jtag frequency' command is executed.
19:46:13 INFO  : Sourcing of 'C:/Users/animesh21131/eldfftipbonus/eldfftipbonus.sdk/design_1_wrapper_hw_platform_0/ps7_init.tcl' is done.
19:46:14 INFO  : Context for 'APU' is selected.
19:46:14 INFO  : System reset is completed.
19:46:17 INFO  : 'after 3000' command is executed.
19:46:17 INFO  : 'targets -set -filter {jtag_cable_name =~ "Digilent Zed 210248A39844" && level==0} -index 1' command is executed.
19:46:20 INFO  : FPGA configured successfully with bitstream "C:/Users/animesh21131/eldfftipbonus/eldfftipbonus.sdk/design_1_wrapper_hw_platform_0/design_1_wrapper.bit"
19:46:20 INFO  : Context for 'APU' is selected.
19:46:20 INFO  : Hardware design information is loaded from 'C:/Users/animesh21131/eldfftipbonus/eldfftipbonus.sdk/design_1_wrapper_hw_platform_0/system.hdf'.
19:46:20 INFO  : 'configparams force-mem-access 1' command is executed.
19:46:20 INFO  : Context for 'APU' is selected.
19:46:21 INFO  : 'ps7_init' command is executed.
19:46:21 INFO  : 'ps7_post_config' command is executed.
19:46:21 INFO  : Context for processor 'ps7_cortexa9_0' is selected.
19:46:21 INFO  : The application 'C:/Users/animesh21131/eldfftipbonus/eldfftipbonus.sdk/lab12fft/Debug/lab12fft.elf' is downloaded to processor 'ps7_cortexa9_0'.
19:46:21 INFO  : 'configparams force-mem-access 0' command is executed.
19:46:21 INFO  : ----------------XSDB Script----------------
connect -url tcp:192.168.226.142:53655
source C:/Users/animesh21131/eldfftipbonus/eldfftipbonus.sdk/design_1_wrapper_hw_platform_0/ps7_init.tcl
targets -set -nocase -filter {name =~"APU*" && jtag_cable_name =~ "Digilent Zed 210248A39844"} -index 0
rst -system
after 3000
targets -set -filter {jtag_cable_name =~ "Digilent Zed 210248A39844" && level==0} -index 1
fpga -file C:/Users/animesh21131/eldfftipbonus/eldfftipbonus.sdk/design_1_wrapper_hw_platform_0/design_1_wrapper.bit
targets -set -nocase -filter {name =~"APU*" && jtag_cable_name =~ "Digilent Zed 210248A39844"} -index 0
loadhw -hw C:/Users/animesh21131/eldfftipbonus/eldfftipbonus.sdk/design_1_wrapper_hw_platform_0/system.hdf -mem-ranges [list {0x40000000 0xbfffffff}]
configparams force-mem-access 1
targets -set -nocase -filter {name =~"APU*" && jtag_cable_name =~ "Digilent Zed 210248A39844"} -index 0
ps7_init
ps7_post_config
targets -set -nocase -filter {name =~ "ARM*#0" && jtag_cable_name =~ "Digilent Zed 210248A39844"} -index 0
dow C:/Users/animesh21131/eldfftipbonus/eldfftipbonus.sdk/lab12fft/Debug/lab12fft.elf
configparams force-mem-access 0
----------------End of Script----------------

19:46:21 INFO  : Memory regions updated for context APU
19:46:21 INFO  : Context for processor 'ps7_cortexa9_0' is selected.
19:46:21 INFO  : 'con' command is executed.
19:46:21 INFO  : ----------------XSDB Script (After Launch)----------------
targets -set -nocase -filter {name =~ "ARM*#0" && jtag_cable_name =~ "Digilent Zed 210248A39844"} -index 0
con
----------------End of Script----------------

19:46:21 INFO  : Launch script is exported to file 'C:\Users\animesh21131\eldfftipbonus\eldfftipbonus.sdk\.sdk\launch_scripts\xilinx_c-c++_application_(system_debugger)\system_debugger_using_debug_lab12fft.elf_on_ganesha.tcl'
19:48:53 INFO  : Disconnected from the channel tcfchan#6.
19:48:53 WARN  : channel "tcfchan#6" closed
19:48:53 WARN  : channel "tcfchan#6" closed
23:26:50 INFO  : Registering command handlers for SDK TCF services
23:26:50 INFO  : Launching XSCT server: xsct.bat -interactive C:\Users\animesh21131\eldfftipbonus\eldfftipbonus.sdk\temp_xsdb_launch_script.tcl
23:26:54 INFO  : XSCT server has started successfully.
23:26:54 INFO  : Successfully done setting XSCT server connection channel  
23:26:57 INFO  : Successfully done setting SDK workspace  
23:26:57 INFO  : Processing command line option -hwspec C:/Users/animesh21131/eldfftipbonus/eldfftipbonus.sdk/design_1_wrapper.hdf.
23:26:57 INFO  : Checking for hwspec changes in the project design_1_wrapper_hw_platform_1.
23:28:53 INFO  : Connected to target on host '192.168.226.142' and port '58102'.
23:28:55 INFO  : Jtag cable 'Digilent Zed 210248A39844' is selected.
23:28:55 INFO  : 'jtag frequency' command is executed.
23:28:55 INFO  : Sourcing of 'C:/Users/animesh21131/eldfftipbonus/eldfftipbonus.sdk/design_1_wrapper_hw_platform_0/ps7_init.tcl' is done.
23:28:57 INFO  : Context for 'APU' is selected.
23:28:57 INFO  : System reset is completed.
23:29:00 INFO  : 'after 3000' command is executed.
23:29:02 INFO  : 'targets -set -filter {jtag_cable_name =~ "Digilent Zed 210248A39844" && level==0} -index 1' command is executed.
23:29:04 INFO  : FPGA configured successfully with bitstream "C:/Users/animesh21131/eldfftipbonus/eldfftipbonus.sdk/design_1_wrapper_hw_platform_0/design_1_wrapper.bit"
23:29:06 INFO  : Context for 'APU' is selected.
23:29:06 INFO  : Hardware design information is loaded from 'C:/Users/animesh21131/eldfftipbonus/eldfftipbonus.sdk/design_1_wrapper_hw_platform_0/system.hdf'.
23:29:06 INFO  : 'configparams force-mem-access 1' command is executed.
23:29:08 INFO  : Context for 'APU' is selected.
23:29:09 INFO  : 'ps7_init' command is executed.
23:29:09 INFO  : 'ps7_post_config' command is executed.
23:29:11 INFO  : Context for processor 'ps7_cortexa9_0' is selected.
23:29:11 INFO  : The application 'C:/Users/animesh21131/eldfftipbonus/eldfftipbonus.sdk/lab12fft/Debug/lab12fft.elf' is downloaded to processor 'ps7_cortexa9_0'.
23:29:11 INFO  : 'configparams force-mem-access 0' command is executed.
23:29:11 INFO  : ----------------XSDB Script----------------
connect -url tcp:192.168.226.142:58102
source C:/Users/animesh21131/eldfftipbonus/eldfftipbonus.sdk/design_1_wrapper_hw_platform_0/ps7_init.tcl
targets -set -nocase -filter {name =~"APU*" && jtag_cable_name =~ "Digilent Zed 210248A39844"} -index 0
rst -system
after 3000
targets -set -filter {jtag_cable_name =~ "Digilent Zed 210248A39844" && level==0} -index 1
fpga -file C:/Users/animesh21131/eldfftipbonus/eldfftipbonus.sdk/design_1_wrapper_hw_platform_0/design_1_wrapper.bit
targets -set -nocase -filter {name =~"APU*" && jtag_cable_name =~ "Digilent Zed 210248A39844"} -index 0
loadhw -hw C:/Users/animesh21131/eldfftipbonus/eldfftipbonus.sdk/design_1_wrapper_hw_platform_0/system.hdf -mem-ranges [list {0x40000000 0xbfffffff}]
configparams force-mem-access 1
targets -set -nocase -filter {name =~"APU*" && jtag_cable_name =~ "Digilent Zed 210248A39844"} -index 0
ps7_init
ps7_post_config
targets -set -nocase -filter {name =~ "ARM*#0" && jtag_cable_name =~ "Digilent Zed 210248A39844"} -index 0
dow C:/Users/animesh21131/eldfftipbonus/eldfftipbonus.sdk/lab12fft/Debug/lab12fft.elf
configparams force-mem-access 0
----------------End of Script----------------

23:29:11 INFO  : Memory regions updated for context APU
23:29:13 INFO  : Context for processor 'ps7_cortexa9_0' is selected.
23:29:13 INFO  : 'con' command is executed.
23:29:13 INFO  : ----------------XSDB Script (After Launch)----------------
targets -set -nocase -filter {name =~ "ARM*#0" && jtag_cable_name =~ "Digilent Zed 210248A39844"} -index 0
con
----------------End of Script----------------

23:29:13 INFO  : Launch script is exported to file 'C:\Users\animesh21131\eldfftipbonus\eldfftipbonus.sdk\.sdk\launch_scripts\xilinx_c-c++_application_(system_debugger)\system_debugger_using_debug_lab12fft.elf_on_ganesha.tcl'
23:30:50 INFO  : Disconnected from the channel tcfchan#1.
23:30:51 INFO  : Connected to target on host '192.168.226.142' and port '58102'.
23:30:52 INFO  : Jtag cable 'Digilent Zed 210248A39844' is selected.
23:30:52 INFO  : 'jtag frequency' command is executed.
23:30:52 INFO  : Sourcing of 'C:/Users/animesh21131/eldfftipbonus/eldfftipbonus.sdk/design_1_wrapper_hw_platform_0/ps7_init.tcl' is done.
23:30:53 INFO  : Context for 'APU' is selected.
23:30:53 INFO  : System reset is completed.
23:30:56 INFO  : 'after 3000' command is executed.
23:30:56 INFO  : 'targets -set -filter {jtag_cable_name =~ "Digilent Zed 210248A39844" && level==0} -index 1' command is executed.
23:30:59 INFO  : FPGA configured successfully with bitstream "C:/Users/animesh21131/eldfftipbonus/eldfftipbonus.sdk/design_1_wrapper_hw_platform_0/design_1_wrapper.bit"
23:31:00 INFO  : Context for 'APU' is selected.
23:31:03 INFO  : Hardware design information is loaded from 'C:/Users/animesh21131/eldfftipbonus/eldfftipbonus.sdk/design_1_wrapper_hw_platform_0/system.hdf'.
23:31:03 INFO  : 'configparams force-mem-access 1' command is executed.
23:31:05 INFO  : Context for 'APU' is selected.
23:31:06 INFO  : 'ps7_init' command is executed.
23:31:06 INFO  : 'ps7_post_config' command is executed.
23:31:09 INFO  : Context for processor 'ps7_cortexa9_0' is selected.
23:31:10 INFO  : The application 'C:/Users/animesh21131/eldfftipbonus/eldfftipbonus.sdk/lab12fft/Debug/lab12fft.elf' is downloaded to processor 'ps7_cortexa9_0'.
23:31:10 INFO  : 'configparams force-mem-access 0' command is executed.
23:31:10 INFO  : ----------------XSDB Script----------------
connect -url tcp:192.168.226.142:58102
source C:/Users/animesh21131/eldfftipbonus/eldfftipbonus.sdk/design_1_wrapper_hw_platform_0/ps7_init.tcl
targets -set -nocase -filter {name =~"APU*" && jtag_cable_name =~ "Digilent Zed 210248A39844"} -index 0
rst -system
after 3000
targets -set -filter {jtag_cable_name =~ "Digilent Zed 210248A39844" && level==0} -index 1
fpga -file C:/Users/animesh21131/eldfftipbonus/eldfftipbonus.sdk/design_1_wrapper_hw_platform_0/design_1_wrapper.bit
targets -set -nocase -filter {name =~"APU*" && jtag_cable_name =~ "Digilent Zed 210248A39844"} -index 0
loadhw -hw C:/Users/animesh21131/eldfftipbonus/eldfftipbonus.sdk/design_1_wrapper_hw_platform_0/system.hdf -mem-ranges [list {0x40000000 0xbfffffff}]
configparams force-mem-access 1
targets -set -nocase -filter {name =~"APU*" && jtag_cable_name =~ "Digilent Zed 210248A39844"} -index 0
ps7_init
ps7_post_config
targets -set -nocase -filter {name =~ "ARM*#0" && jtag_cable_name =~ "Digilent Zed 210248A39844"} -index 0
dow C:/Users/animesh21131/eldfftipbonus/eldfftipbonus.sdk/lab12fft/Debug/lab12fft.elf
configparams force-mem-access 0
----------------End of Script----------------

23:31:10 INFO  : Memory regions updated for context APU
23:31:11 INFO  : Context for processor 'ps7_cortexa9_0' is selected.
23:31:11 INFO  : 'con' command is executed.
23:31:11 INFO  : ----------------XSDB Script (After Launch)----------------
targets -set -nocase -filter {name =~ "ARM*#0" && jtag_cable_name =~ "Digilent Zed 210248A39844"} -index 0
con
----------------End of Script----------------

23:31:11 INFO  : Launch script is exported to file 'C:\Users\animesh21131\eldfftipbonus\eldfftipbonus.sdk\.sdk\launch_scripts\xilinx_c-c++_application_(system_debugger)\system_debugger_using_debug_lab12fft.elf_on_ganesha.tcl'
23:32:18 WARN  : channel "tcfchan#2" closed
10:21:46 INFO  : Registering command handlers for SDK TCF services
10:21:46 INFO  : Launching XSCT server: xsct.bat -interactive C:\Users\animesh21131\eldfftipbonus\eldfftipbonus.sdk\temp_xsdb_launch_script.tcl
10:21:50 INFO  : XSCT server has started successfully.
10:21:50 INFO  : Successfully done setting XSCT server connection channel  
10:21:53 INFO  : Successfully done setting SDK workspace  
10:21:53 INFO  : Processing command line option -hwspec C:/Users/animesh21131/eldfftipbonus/eldfftipbonus.sdk/design_1_wrapper.hdf.
10:21:53 INFO  : Checking for hwspec changes in the project design_1_wrapper_hw_platform_1.
10:22:48 INFO  : Connected to target on host '192.168.226.142' and port '63441'.
10:22:50 INFO  : Jtag cable 'Digilent Zed 210248A39844' is selected.
10:22:50 INFO  : 'jtag frequency' command is executed.
10:22:50 INFO  : Sourcing of 'C:/Users/animesh21131/eldfftipbonus/eldfftipbonus.sdk/design_1_wrapper_hw_platform_0/ps7_init.tcl' is done.
10:22:50 INFO  : Context for 'APU' is selected.
10:22:50 INFO  : System reset is completed.
10:22:53 INFO  : 'after 3000' command is executed.
10:22:53 INFO  : 'targets -set -filter {jtag_cable_name =~ "Digilent Zed 210248A39844" && level==0} -index 1' command is executed.
10:22:56 INFO  : FPGA configured successfully with bitstream "C:/Users/animesh21131/eldfftipbonus/eldfftipbonus.sdk/design_1_wrapper_hw_platform_0/design_1_wrapper.bit"
10:22:56 INFO  : Context for 'APU' is selected.
10:22:56 INFO  : Hardware design information is loaded from 'C:/Users/animesh21131/eldfftipbonus/eldfftipbonus.sdk/design_1_wrapper_hw_platform_0/system.hdf'.
10:22:56 INFO  : 'configparams force-mem-access 1' command is executed.
10:22:56 INFO  : Context for 'APU' is selected.
10:22:56 INFO  : 'ps7_init' command is executed.
10:22:56 INFO  : 'ps7_post_config' command is executed.
10:22:56 INFO  : Context for processor 'ps7_cortexa9_0' is selected.
10:22:56 INFO  : The application 'C:/Users/animesh21131/eldfftipbonus/eldfftipbonus.sdk/lab12fft/Debug/lab12fft.elf' is downloaded to processor 'ps7_cortexa9_0'.
10:22:56 INFO  : 'configparams force-mem-access 0' command is executed.
10:22:56 INFO  : ----------------XSDB Script----------------
connect -url tcp:192.168.226.142:63441
source C:/Users/animesh21131/eldfftipbonus/eldfftipbonus.sdk/design_1_wrapper_hw_platform_0/ps7_init.tcl
targets -set -nocase -filter {name =~"APU*" && jtag_cable_name =~ "Digilent Zed 210248A39844"} -index 0
rst -system
after 3000
targets -set -filter {jtag_cable_name =~ "Digilent Zed 210248A39844" && level==0} -index 1
fpga -file C:/Users/animesh21131/eldfftipbonus/eldfftipbonus.sdk/design_1_wrapper_hw_platform_0/design_1_wrapper.bit
targets -set -nocase -filter {name =~"APU*" && jtag_cable_name =~ "Digilent Zed 210248A39844"} -index 0
loadhw -hw C:/Users/animesh21131/eldfftipbonus/eldfftipbonus.sdk/design_1_wrapper_hw_platform_0/system.hdf -mem-ranges [list {0x40000000 0xbfffffff}]
configparams force-mem-access 1
targets -set -nocase -filter {name =~"APU*" && jtag_cable_name =~ "Digilent Zed 210248A39844"} -index 0
ps7_init
ps7_post_config
targets -set -nocase -filter {name =~ "ARM*#0" && jtag_cable_name =~ "Digilent Zed 210248A39844"} -index 0
dow C:/Users/animesh21131/eldfftipbonus/eldfftipbonus.sdk/lab12fft/Debug/lab12fft.elf
configparams force-mem-access 0
----------------End of Script----------------

10:22:56 INFO  : Memory regions updated for context APU
10:22:56 INFO  : Launch script is exported to file 'C:\Users\animesh21131\eldfftipbonus\eldfftipbonus.sdk\.sdk\launch_scripts\xilinx_c-c++_application_(system_debugger)\system_debugger_using_debug_lab12fft.elf_on_ganesha.tcl'
10:47:42 INFO  : Disconnected from the channel tcfchan#1.
15:37:30 INFO  : Launching XSCT server: xsct.bat -interactive C:\Users\animesh21131\eldfftipbonus\eldfftipbonus.sdk\temp_xsdb_launch_script.tcl
15:37:30 INFO  : Registering command handlers for SDK TCF services
15:37:33 INFO  : XSCT server has started successfully.
15:37:33 INFO  : Successfully done setting XSCT server connection channel  
15:37:33 INFO  : Successfully done setting SDK workspace  
15:37:33 INFO  : Processing command line option -hwspec C:/Users/animesh21131/eldfftipbonus/eldfftipbonus.sdk/design_1_wrapper.hdf.
15:37:33 INFO  : Checking for hwspec changes in the project design_1_wrapper_hw_platform_1.
21:05:45 INFO  : Registering command handlers for SDK TCF services
21:05:46 INFO  : Launching XSCT server: xsct.bat -interactive C:\Users\animesh21131\eldfftipbonus\eldfftipbonus.sdk\temp_xsdb_launch_script.tcl
21:05:49 INFO  : XSCT server has started successfully.
21:05:49 INFO  : Successfully done setting XSCT server connection channel  
21:05:49 INFO  : Successfully done setting SDK workspace  
21:05:49 INFO  : Processing command line option -hwspec C:/Users/animesh21131/eldfftipbonus/eldfftipbonus.sdk/design_1_wrapper.hdf.
21:05:49 INFO  : Checking for hwspec changes in the project design_1_wrapper_hw_platform_1.
16:35:59 INFO  : Registering command handlers for SDK TCF services
16:36:00 INFO  : Launching XSCT server: xsct.bat -interactive C:\Users\animesh21131\eldfftipbonus\eldfftipbonus.sdk\temp_xsdb_launch_script.tcl
16:36:03 INFO  : XSCT server has started successfully.
16:36:04 INFO  : Successfully done setting XSCT server connection channel  
16:36:04 INFO  : Processing command line option -hwspec C:/Users/animesh21131/eldfftipbonus/eldfftipbonus.sdk/design_1_wrapper.hdf.
16:36:04 INFO  : Successfully done setting SDK workspace  
16:36:04 INFO  : Checking for hwspec changes in the project design_1_wrapper_hw_platform_1.
16:38:46 INFO  : Connected to target on host '192.168.226.142' and port '56187'.
16:38:48 INFO  : Jtag cable 'Digilent Zed 210248A39844' is selected.
16:38:48 INFO  : 'jtag frequency' command is executed.
16:38:48 INFO  : Sourcing of 'C:/Users/animesh21131/eldfftipbonus/eldfftipbonus.sdk/design_1_wrapper_hw_platform_0/ps7_init.tcl' is done.
16:38:48 INFO  : Context for 'APU' is selected.
16:38:49 INFO  : System reset is completed.
16:38:52 INFO  : 'after 3000' command is executed.
16:38:52 INFO  : 'targets -set -filter {jtag_cable_name =~ "Digilent Zed 210248A39844" && level==0} -index 1' command is executed.
16:38:54 INFO  : FPGA configured successfully with bitstream "C:/Users/animesh21131/eldfftipbonus/eldfftipbonus.sdk/design_1_wrapper_hw_platform_0/design_1_wrapper.bit"
16:38:54 INFO  : Context for 'APU' is selected.
16:38:54 INFO  : Hardware design information is loaded from 'C:/Users/animesh21131/eldfftipbonus/eldfftipbonus.sdk/design_1_wrapper_hw_platform_0/system.hdf'.
16:38:54 INFO  : 'configparams force-mem-access 1' command is executed.
16:38:54 INFO  : Context for 'APU' is selected.
16:38:55 INFO  : 'ps7_init' command is executed.
16:38:55 INFO  : 'ps7_post_config' command is executed.
16:38:55 INFO  : Context for processor 'ps7_cortexa9_0' is selected.
16:38:55 INFO  : The application 'C:/Users/animesh21131/eldfftipbonus/eldfftipbonus.sdk/lab12fft/Debug/lab12fft.elf' is downloaded to processor 'ps7_cortexa9_0'.
16:38:55 INFO  : 'configparams force-mem-access 0' command is executed.
16:38:55 INFO  : ----------------XSDB Script----------------
connect -url tcp:192.168.226.142:56187
source C:/Users/animesh21131/eldfftipbonus/eldfftipbonus.sdk/design_1_wrapper_hw_platform_0/ps7_init.tcl
targets -set -nocase -filter {name =~"APU*" && jtag_cable_name =~ "Digilent Zed 210248A39844"} -index 0
rst -system
after 3000
targets -set -filter {jtag_cable_name =~ "Digilent Zed 210248A39844" && level==0} -index 1
fpga -file C:/Users/animesh21131/eldfftipbonus/eldfftipbonus.sdk/design_1_wrapper_hw_platform_0/design_1_wrapper.bit
targets -set -nocase -filter {name =~"APU*" && jtag_cable_name =~ "Digilent Zed 210248A39844"} -index 0
loadhw -hw C:/Users/animesh21131/eldfftipbonus/eldfftipbonus.sdk/design_1_wrapper_hw_platform_0/system.hdf -mem-ranges [list {0x40000000 0xbfffffff}]
configparams force-mem-access 1
targets -set -nocase -filter {name =~"APU*" && jtag_cable_name =~ "Digilent Zed 210248A39844"} -index 0
ps7_init
ps7_post_config
targets -set -nocase -filter {name =~ "ARM*#0" && jtag_cable_name =~ "Digilent Zed 210248A39844"} -index 0
dow C:/Users/animesh21131/eldfftipbonus/eldfftipbonus.sdk/lab12fft/Debug/lab12fft.elf
configparams force-mem-access 0
----------------End of Script----------------

16:38:55 INFO  : Memory regions updated for context APU
16:38:55 INFO  : Launch script is exported to file 'C:\Users\animesh21131\eldfftipbonus\eldfftipbonus.sdk\.sdk\launch_scripts\xilinx_c-c++_application_(system_debugger)\system_debugger_using_debug_lab12fft.elf_on_ganesha.tcl'
16:40:39 INFO  : Disconnected from the channel tcfchan#1.
22:24:09 INFO  : Launching XSCT server: xsct.bat -interactive C:\Users\animesh21131\eldfftipbonus\eldfftipbonus.sdk\temp_xsdb_launch_script.tcl
22:24:09 INFO  : Registering command handlers for SDK TCF services
22:24:12 INFO  : XSCT server has started successfully.
22:24:12 INFO  : Successfully done setting XSCT server connection channel  
22:24:12 INFO  : Successfully done setting SDK workspace  
22:24:12 INFO  : Processing command line option -hwspec C:/Users/animesh21131/eldfftipbonus/eldfftipbonus.sdk/design_1_wrapper.hdf.
22:24:12 INFO  : Checking for hwspec changes in the project design_1_wrapper_hw_platform_1.
23:18:38 INFO  : Registering command handlers for SDK TCF services
23:18:39 INFO  : Launching XSCT server: xsct.bat -interactive C:\Users\animesh21131\eldfftipbonus\eldfftipbonus.sdk\temp_xsdb_launch_script.tcl
23:18:41 INFO  : XSCT server has started successfully.
23:18:41 INFO  : Successfully done setting XSCT server connection channel  
23:18:41 INFO  : Successfully done setting SDK workspace  
23:18:41 INFO  : Processing command line option -hwspec C:/Users/animesh21131/eldfftipbonus/eldfftipbonus.sdk/design_1_wrapper.hdf.
23:18:41 INFO  : Checking for hwspec changes in the project design_1_wrapper_hw_platform_1.
